/Users/jmullings/.pyenv/versions/3.11.0/bin/python /Users/jmullings/PersonalProjects/The_Analysts_Problem/VOLUME_XI_COMPUTATIONAL/VOLUME_XI_COMPUTATIONAL_PROOF/VOLUME_XI_COMPUTATIONAL.py
jmullings@Jasons-MacBook-Pro The_Analysts_Problem % /Users/jmullings/.pyenv/versions/3.11.0/bin/python /Users/jmullings/PersonalProjects/The_Ana
lysts_Problem/VOLUME_XI_COMPUTATIONAL/VOLUME_XI_COMPUTATIONAL_PROOF/VOLUME_XI_COMPUTATIONAL.py

================================================================================
VOLUME XI — Module 1: High-Precision Ground Truth
================================================================================
[OK] Module1_HighPrecisionBaseline::H=1.0,T0=10.0,N=50: Q(dps=50)=1.867068628046e+01, Q(dps=100)=1.867068628046e+01, Q(dps=200)=1.867068628046e+01, rel_err(50→100)=0.00e+00, rel_err(100→200)=0.00e+00

================================================================================
VOLUME XI — Module 2: Large N Scaling
================================================================================
[OK] Module2_LargeNScaling::H=1.0,T0=10.0: H=1.0,T0=10.0, N_values=[10, 20, 50, 100, 200, 500, 1000], Q_values=['1.7728e+01', '1.8031e+01', '1.8671e+01', '1.8751e+01', '1.8756e+01', '1.8720e+01', '1.8833e+01'], log-log fit: Q ~ N^0.012 (a=2.860), ratios=['1.017', '1.035', '1.004', '1.000', '0.998', '1.006'], smooth≈True, max_log_curvature=3.059e-02, curvature_small≈True

================================================================================
VOLUME XI — Module 3: Extreme Coordinate Grid
================================================================================
[OK] Module3_ExtremeGrid::H=0.05,T0=0.0,N=50: H=5.000e-02,T0=0.000e+00,N=50: Q=1.083826e+04, net=8.734640e+03, tail_err=8.33e-05, tail_threshold=1.08e+02, positive_ok=True, tail_small=True
[OK] Module3_ExtremeGrid::H=0.5,T0=50.0,N=10: H=5.000e-01,T0=5.000e+01,N=10: undersampled regime (N=10 < N_req=54) ⇒ treated as skipped (not a failure)
[OK] Module3_ExtremeGrid::H=1.0,T0=-50.0,N=500: H=1.000e+00,T0=-5.000e+01,N=500: floor=8.040e+00, asymptotic/safe regime ⇒ skipped full check
[OK] Module3_ExtremeGrid::H=1.0,T0=200.0,N=500: H=1.000e+00,T0=2.000e+02,N=500: floor=1.579e+02, asymptotic/safe regime ⇒ skipped full check
[OK] Module3_ExtremeGrid::H=10.0,T0=10.0,N=1000: H=1.000e+01,T0=1.000e+01,N=1000: floor=3.945e+01, asymptotic/safe regime ⇒ skipped full check
[OK] Module3_ExtremeGrid::H=0.01,T0=10.0,N=100: H=1.000e-02,T0=1.000e+01,N=100: floor=2.032e+03, asymptotic/safe regime ⇒ skipped full check
[OK] Module3_ExtremeGrid::H=10.0,T0=0.0,N=10: H=1.000e+01,T0=0.000e+00,N=10: Q=1.610878e+00, net=1.716238e-01, tail_err=2.04e-03, tail_threshold=1.61e-02, positive_ok=True, tail_small=True
[OK] Module3_ExtremeGrid::H=0.5,T0=200.0,N=1000: H=5.000e-01,T0=2.000e+02,N=1000: floor=4.229e+02, asymptotic/safe regime ⇒ skipped full check
[OK] Module3_ExtremeGrid::H=5.0,T0=-200.0,N=100: H=5.000e+00,T0=-2.000e+02,N=100: undersampled regime (N=100 < N_req=201) ⇒ treated as skipped (not a failure)
[OK] Module3_ExtremeGrid::H=2.0,T0=200.0,N=500: H=2.000e+00,T0=2.000e+02,N=500: floor=4.874e+01, asymptotic/safe regime ⇒ skipped full check
[OK] Module3_ExtremeGrid::H=2.0,T0=-50.0,N=1000: H=2.000e+00,T0=-5.000e+01,N=1000: floor=6.918e+00, asymptotic/safe regime ⇒ skipped full check
[OK] Module3_ExtremeGrid::H=0.05,T0=0.0,N=1000: H=5.000e-02,T0=0.000e+00,N=1000: floor=2.792e+05, asymptotic/safe regime ⇒ skipped full check
[OK] Module3_ExtremeGrid::H=0.05,T0=-200.0,N=50: H=5.000e-02,T0=-2.000e+02,N=50: undersampled regime (N=50 < N_req=213) ⇒ treated as skipped (not a failure)
[OK] Module3_ExtremeGrid::H=0.5,T0=-50.0,N=10: H=5.000e-01,T0=-5.000e+01,N=10: undersampled regime (N=10 < N_req=54) ⇒ treated as skipped (not a failure)
[OK] Module3_ExtremeGrid::H=0.05,T0=0.0,N=5000: H=5.000e-02,T0=0.000e+00,N=5000: floor=1.448e+06, asymptotic/safe regime ⇒ skipped full check
[OK] Module3_ExtremeGrid::H=5.0,T0=-200.0,N=500: H=5.000e+00,T0=-2.000e+02,N=500: floor=1.011e+01, asymptotic/safe regime ⇒ skipped full check
[OK] Module3_ExtremeGrid::H=0.01,T0=200.0,N=50: H=1.000e-02,T0=2.000e+02,N=50: undersampled regime (N=50 < N_req=230) ⇒ treated as skipped (not a failure)
[OK] Module3_ExtremeGrid::H=1.0,T0=0.0,N=5000: H=1.000e+00,T0=0.000e+00,N=5000: floor=3.510e+04, asymptotic/safe regime ⇒ skipped full check
[OK] Module3_ExtremeGrid::H=1.0,T0=-200.0,N=500: H=1.000e+00,T0=-2.000e+02,N=500: floor=1.579e+02, asymptotic/safe regime ⇒ skipped full check
[OK] Module3_ExtremeGrid::H=2.0,T0=0.0,N=10: H=2.000e+00,T0=0.000e+00,N=10: Q=2.232580e+01, net=1.073797e+01, tail_err=4.08e-04, tail_threshold=2.23e-01, positive_ok=True, tail_small=True
[OK] Module3_ExtremeGrid::H=1.0,T0=0.0,N=1000: H=1.000e+00,T0=0.000e+00,N=1000: floor=7.001e+03, asymptotic/safe regime ⇒ skipped full check
[OK] Module3_ExtremeGrid::H=5.0,T0=-50.0,N=100: H=5.000e+00,T0=-5.000e+01,N=100: floor=4.783e+00, asymptotic/safe regime ⇒ skipped full check
[OK] Module3_ExtremeGrid::H=0.05,T0=200.0,N=5000: H=5.000e-02,T0=2.000e+02,N=5000: floor=4.991e+03, asymptotic/safe regime ⇒ skipped full check
[OK] Module3_ExtremeGrid::H=0.5,T0=-50.0,N=1000: H=5.000e-01,T0=-5.000e+01,N=1000: floor=8.306e+00, asymptotic/safe regime ⇒ skipped full check
[OK] Module3_ExtremeGrid::H=0.05,T0=0.0,N=10: H=5.000e-02,T0=0.000e+00,N=10: undersampled regime (N=10 < N_req=13) ⇒ treated as skipped (not a failure)
[OK] Module3_ExtremeGrid::H=0.05,T0=10.0,N=50: H=5.000e-02,T0=1.000e+01,N=50: Q=3.934831e+02, net=3.172623e+02, tail_err=3.07e-06, tail_threshold=3.93e+00, positive_ok=True, tail_small=True
[OK] Module3_ExtremeGrid::H=0.05,T0=-50.0,N=10: H=5.000e-02,T0=-5.000e+01,N=10: undersampled regime (N=10 < N_req=63) ⇒ treated as skipped (not a failure)
[OK] Module3_ExtremeGrid::H=0.1,T0=200.0,N=500: H=1.000e-01,T0=2.000e+02,N=500: floor=2.463e+03, asymptotic/safe regime ⇒ skipped full check
[OK] Module3_ExtremeGrid::H=1.0,T0=10.0,N=100: H=1.000e+00,T0=1.000e+01,N=100: floor=1.793e+01, asymptotic/safe regime ⇒ skipped full check
[OK] Module3_ExtremeGrid::H=0.1,T0=-200.0,N=50: H=1.000e-01,T0=-2.000e+02,N=50: undersampled regime (N=50 < N_req=209) ⇒ treated as skipped (not a failure)
[OK] Module3_ExtremeGrid::H=0.05,T0=0.0,N=500: H=5.000e-02,T0=0.000e+00,N=500: floor=1.357e+05, asymptotic/safe regime ⇒ skipped full check
[OK] Module3_ExtremeGrid::H=0.01,T0=0.0,N=5000: H=1.000e-02,T0=0.000e+00,N=5000: floor=7.287e+06, asymptotic/safe regime ⇒ skipped full check
[OK] Module3_ExtremeGrid::H=10.0,T0=10.0,N=500: H=1.000e+01,T0=1.000e+01,N=500: floor=2.029e+01, asymptotic/safe regime ⇒ skipped full check
[OK] Module3_ExtremeGrid::H=2.0,T0=-50.0,N=100: H=2.000e+00,T0=-5.000e+01,N=100: floor=6.803e+00, asymptotic/safe regime ⇒ skipped full check
[OK] Module3_ExtremeGrid::H=1.0,T0=-50.0,N=1000: H=1.000e+00,T0=-5.000e+01,N=1000: floor=8.048e+00, asymptotic/safe regime ⇒ skipped full check
[OK] Module3_ExtremeGrid::H=0.05,T0=50.0,N=500: H=5.000e-02,T0=5.000e+01,N=500: floor=1.718e+01, asymptotic/safe regime ⇒ skipped full check
[OK] Module3_ExtremeGrid::H=0.05,T0=10.0,N=100: H=5.000e-02,T0=1.000e+01,N=100: floor=4.059e+02, asymptotic/safe regime ⇒ skipped full check
[OK] Module3_ExtremeGrid::H=1.0,T0=0.0,N=500: H=1.000e+00,T0=0.000e+00,N=500: floor=3.489e+03, asymptotic/safe regime ⇒ skipped full check
[OK] Module3_ExtremeGrid::H=0.01,T0=200.0,N=100: H=1.000e-02,T0=2.000e+02,N=100: undersampled regime (N=100 < N_req=230) ⇒ treated as skipped (not a failure)
[OK] Module3_ExtremeGrid::H=0.05,T0=200.0,N=10: H=5.000e-02,T0=2.000e+02,N=10: undersampled regime (N=10 < N_req=213) ⇒ treated as skipped (not a failure)
[OK] Module3_ExtremeGrid::H=5.0,T0=200.0,N=5000: H=5.000e+00,T0=2.000e+02,N=5000: floor=1.016e+01, asymptotic/safe regime ⇒ skipped full check
[OK] Module3_ExtremeGrid::H=10.0,T0=-50.0,N=5000: H=1.000e+01,T0=-5.000e+01,N=5000: floor=2.641e+00, asymptotic/safe regime ⇒ skipped full check
[OK] Module3_ExtremeGrid::H=0.5,T0=200.0,N=100: H=5.000e-01,T0=2.000e+02,N=100: undersampled regime (N=100 < N_req=204) ⇒ treated as skipped (not a failure)
[OK] Module3_ExtremeGrid::H=0.1,T0=-50.0,N=5000: H=1.000e-01,T0=-5.000e+01,N=5000: floor=1.310e+01, asymptotic/safe regime ⇒ skipped full check
[OK] Module3_ExtremeGrid::H=10.0,T0=0.0,N=500: H=1.000e+01,T0=0.000e+00,N=500: floor=4.584e+01, asymptotic/safe regime ⇒ skipped full check
[OK] Module3_ExtremeGrid::H=0.5,T0=10.0,N=50: H=5.000e-01,T0=1.000e+01,N=50: Q=3.860540e+01, net=3.020955e+01, tail_err=3.07e-05, tail_threshold=3.86e-01, positive_ok=True, tail_small=True
[OK] Module3_ExtremeGrid::H=10.0,T0=50.0,N=50: H=1.000e+01,T0=5.000e+01,N=50: Q=2.394464e+00, net=4.329393e-01, tail_err=1.66e-02, tail_threshold=2.39e-02, positive_ok=True, tail_small=True
[OK] Module3_ExtremeGrid::H=0.01,T0=50.0,N=1000: H=1.000e-02,T0=5.000e+01,N=1000: floor=1.109e+02, asymptotic/safe regime ⇒ skipped full check
[OK] Module3_ExtremeGrid::H=0.5,T0=50.0,N=50: H=5.000e-01,T0=5.000e+01,N=50: undersampled regime (N=50 < N_req=54) ⇒ treated as skipped (not a failure)
[OK] Module3_ExtremeGrid::H=1.0,T0=-200.0,N=100: H=1.000e+00,T0=-2.000e+02,N=100: undersampled regime (N=100 < N_req=203) ⇒ treated as skipped (not a failure)
[OK] Module3_ExtremeGrid::H=10.0,T0=200.0,N=100: H=1.000e+01,T0=2.000e+02,N=100: undersampled regime (N=100 < N_req=200) ⇒ treated as skipped (not a failure)
[OK] Module3_ExtremeGrid::H=0.1,T0=10.0,N=50: H=1.000e-01,T0=1.000e+01,N=50: Q=1.966015e+02, net=1.581459e+02, tail_err=6.13e-06, tail_threshold=1.97e+00, positive_ok=True, tail_small=True
[OK] Module3_ExtremeGrid::H=10.0,T0=50.0,N=1000: H=1.000e+01,T0=5.000e+01,N=1000: floor=2.570e+00, asymptotic/safe regime ⇒ skipped full check
[OK] Module3_ExtremeGrid::H=0.1,T0=-50.0,N=50: H=1.000e-01,T0=-5.000e+01,N=50: undersampled regime (N=50 < N_req=59) ⇒ treated as skipped (not a failure)
[OK] Module3_ExtremeGrid::H=0.1,T0=10.0,N=100: H=1.000e-01,T0=1.000e+01,N=100: floor=2.022e+02, asymptotic/safe regime ⇒ skipped full check
[OK] Module3_ExtremeGrid::H=5.0,T0=10.0,N=10: H=5.000e+00,T0=1.000e+01,N=10: undersampled regime (N=10 < N_req=11) ⇒ treated as skipped (not a failure)
[OK] Module3_ExtremeGrid::H=1.0,T0=-50.0,N=100: H=1.000e+00,T0=-5.000e+01,N=100: floor=7.921e+00, asymptotic/safe regime ⇒ skipped full check
[OK] Module3_ExtremeGrid::H=2.0,T0=200.0,N=100: H=2.000e+00,T0=2.000e+02,N=100: undersampled regime (N=100 < N_req=202) ⇒ treated as skipped (not a failure)
[OK] Module3_ExtremeGrid::H=0.01,T0=0.0,N=50: H=1.000e-02,T0=0.000e+00,N=50: Q=5.424017e+04, net=4.379742e+04, tail_err=1.67e-05, tail_threshold=5.42e+02, positive_ok=True, tail_small=True
[OK] Module3_ExtremeGrid::H=10.0,T0=-50.0,N=1000: H=1.000e+01,T0=-5.000e+01,N=1000: floor=2.570e+00, asymptotic/safe regime ⇒ skipped full check
[OK] Module3_ExtremeGrid::H=1.0,T0=-50.0,N=10: H=1.000e+00,T0=-5.000e+01,N=10: undersampled regime (N=10 < N_req=53) ⇒ treated as skipped (not a failure)
[OK] Module3_ExtremeGrid::H=10.0,T0=50.0,N=100: H=1.000e+01,T0=5.000e+01,N=100: floor=2.518e+00, asymptotic/safe regime ⇒ skipped full check
[OK] Module3_ExtremeGrid::H=1.0,T0=50.0,N=50: H=1.000e+00,T0=5.000e+01,N=50: undersampled regime (N=50 < N_req=53) ⇒ treated as skipped (not a failure)
[OK] Module3_ExtremeGrid::H=0.01,T0=200.0,N=5000: H=1.000e-02,T0=2.000e+02,N=5000: floor=2.501e+04, asymptotic/safe regime ⇒ skipped full check
[OK] Module3_ExtremeGrid::H=0.5,T0=-50.0,N=50: H=5.000e-01,T0=-5.000e+01,N=50: undersampled regime (N=50 < N_req=54) ⇒ treated as skipped (not a failure)
[OK] Module3_ExtremeGrid::H=10.0,T0=200.0,N=10: H=1.000e+01,T0=2.000e+02,N=10: undersampled regime (N=10 < N_req=200) ⇒ treated as skipped (not a failure)
[OK] Module3_ExtremeGrid::H=0.01,T0=-50.0,N=10: H=1.000e-02,T0=-5.000e+01,N=10: undersampled regime (N=10 < N_req=80) ⇒ treated as skipped (not a failure)
[OK] Module3_ExtremeGrid::H=0.01,T0=-50.0,N=5000: H=1.000e-02,T0=-5.000e+01,N=5000: floor=1.088e+02, asymptotic/safe regime ⇒ skipped full check
[OK] Module3_ExtremeGrid::H=0.1,T0=-200.0,N=500: H=1.000e-01,T0=-2.000e+02,N=500: floor=2.463e+03, asymptotic/safe regime ⇒ skipped full check
[OK] Module3_ExtremeGrid::H=5.0,T0=-200.0,N=1000: H=5.000e+00,T0=-2.000e+02,N=1000: floor=1.015e+01, asymptotic/safe regime ⇒ skipped full check
[OK] Module3_ExtremeGrid::H=0.5,T0=0.0,N=50: H=5.000e-01,T0=0.000e+00,N=50: Q=9.955131e+02, net=6.898596e+02, tail_err=8.33e-04, tail_threshold=9.96e+00, positive_ok=True, tail_small=True
[OK] Module3_ExtremeGrid::H=2.0,T0=50.0,N=100: H=2.000e+00,T0=5.000e+01,N=100: floor=6.803e+00, asymptotic/safe regime ⇒ skipped full check
[OK] Module3_ExtremeGrid::H=5.0,T0=50.0,N=50: H=5.000e+00,T0=5.000e+01,N=50: undersampled regime (N=50 < N_req=51) ⇒ treated as skipped (not a failure)
[OK] Module3_ExtremeGrid::H=5.0,T0=200.0,N=1000: H=5.000e+00,T0=2.000e+02,N=1000: floor=1.015e+01, asymptotic/safe regime ⇒ skipped full check
[OK] Module3_ExtremeGrid::H=10.0,T0=-50.0,N=10: H=1.000e+01,T0=-5.000e+01,N=10: undersampled regime (N=10 < N_req=50) ⇒ treated as skipped (not a failure)
[OK] Module3_ExtremeGrid::H=1.0,T0=200.0,N=1000: H=1.000e+00,T0=2.000e+02,N=1000: floor=1.585e+02, asymptotic/safe regime ⇒ skipped full check
[OK] Module3_ExtremeGrid::H=0.05,T0=10.0,N=1000: H=5.000e-02,T0=1.000e+01,N=1000: floor=3.391e+02, asymptotic/safe regime ⇒ skipped full check
[OK] Module3_ExtremeGrid::H=0.5,T0=10.0,N=1000: H=5.000e-01,T0=1.000e+01,N=1000: floor=3.780e+01, asymptotic/safe regime ⇒ skipped full check
[OK] Module3_ExtremeGrid::H=5.0,T0=0.0,N=1000: H=5.000e+00,T0=0.000e+00,N=1000: floor=3.565e+02, asymptotic/safe regime ⇒ skipped full check
[OK] Module3_ExtremeGrid::H=1.0,T0=-50.0,N=5000: H=1.000e+00,T0=-5.000e+01,N=5000: floor=8.082e+00, asymptotic/safe regime ⇒ skipped full check

================================================================================
VOLUME XI — Module 4: Numerical Stability
================================================================================
[OK] Module4_NumericalStability::dps_50: dps_50: H=0.500000,T0=50.000000,dps=50, Q_s=4.824248190628e+00, Q_base=4.824248190628e+00, rel_err=0.00e+00, max_rel_err=1.00e-06, passed=True
[OK] Module4_NumericalStability::dps_30: dps_30: H=0.500000,T0=50.000000,dps=30, Q_s=4.824248190628e+00, Q_base=4.824248190628e+00, rel_err=0.00e+00, max_rel_err=1.00e-06, passed=True
[OK] Module4_NumericalStability::H_perturbed: H_perturbed: H=0.500500,T0=50.000000, Q_s=4.824743941826e+00, Q_base=4.824248190628e+00, grad=9.8923e-01, delta=5.0000e-04, predicted_|ΔQ|=4.9462e-04, observed_|ΔQ|=4.9575e-04, envelope=30%, gradient_consistent=True, finite_ok=True, passed=True
[OK] Module4_NumericalStability::T0_perturbed: T0_perturbed: H=0.500000,T0=50.100000, Q_s=7.003963465280e+00, Q_base=4.824248190628e+00, grad=1.8347e+01, delta=1.0000e-01, predicted_|ΔQ|=1.8347e+00, observed_|ΔQ|=2.1797e+00, envelope=30%, gradient_consistent=True, finite_ok=True, passed=True
[OK] Module4_NumericalStability::H_T0_perturbed: H_T0_perturbed: H=0.499500,T0=49.900000, Q_s=3.321649221144e+00, Q_base=4.824248190628e+00, predicted_|ΔQ|≈1.8351e+00, observed_|ΔQ|=1.5026e+00, envelope=30%, gradient_consistent=True, finite_ok=True, passed=True

================================================================================
VOLUME XI — Module 5: Convergence Rate Analysis in N
================================================================================
[OK] Module5_ConvergenceRate::H=1.0,T0=20.0: H=1.0,T0=20.0, N_values=[24, 50, 100, 200, 500, 1000], Δ_N=['7.281e-01', '1.167e-01', '4.598e-03', '3.855e-02', '6.463e-03'], log Δ_N slope≈-1.405 (want < -0.05)

================================================================================
VOLUME XI — Module 6: Time–Frequency Consistency at Scale
================================================================================
[OK] Module6_TimeFreqConsistency::H=0.5,T0=0.0,N=50: H=0.5,T0=0.0,N=50: Q_time=9.955131e+02,Q_freq=9.955131e+02, diff=-1.14e-13, eps=9.96e-03, ok=True
[OK] Module6_TimeFreqConsistency::H=0.5,T0=0.0,N=500: H=0.5,T0=0.0,N=500: Q_time=1.172575e+04,Q_freq=1.172575e+04, diff=0.00e+00, eps=1.17e-01, ok=True
[OK] Module6_TimeFreqConsistency::H=0.5,T0=100.0,N=105: H=0.5,T0=100.0,N=105: Q_time=9.751469e+01,Q_freq=9.751469e+01, diff=-1.42e-13, eps=9.75e-04, ok=True
[OK] Module6_TimeFreqConsistency::H=0.5,T0=100.0,N=500: H=0.5,T0=100.0,N=500: Q_time=1.024970e+02,Q_freq=1.024970e+02, diff=-1.56e-13, eps=1.02e-03, ok=True
[OK] Module6_TimeFreqConsistency::H=1.0,T0=0.0,N=50: H=1.0,T0=0.0,N=50: Q_time=4.107814e+02,Q_freq=4.107814e+02, diff=-1.08e-12, eps=4.11e-03, ok=True
[OK] Module6_TimeFreqConsistency::H=1.0,T0=0.0,N=500: H=1.0,T0=0.0,N=500: Q_time=4.495805e+03,Q_freq=4.495805e+03, diff=-9.09e-13, eps=4.50e-02, ok=True
[OK] Module6_TimeFreqConsistency::H=1.0,T0=100.0,N=104: H=1.0,T0=100.0,N=104: Q_time=3.796317e+01,Q_freq=3.796317e+01, diff=-6.42e-12, eps=3.80e-04, ok=True
[OK] Module6_TimeFreqConsistency::H=1.0,T0=100.0,N=500: H=1.0,T0=100.0,N=500: Q_time=4.007047e+01,Q_freq=4.007047e+01, diff=-6.61e-12, eps=4.01e-04, ok=True

================================================================================
VOLUME XI — Module 7: Tail Control at Scale
================================================================================
[OK] Module7_TailControl::H=0.1,T0=0.0,N=50: H=0.1,T0=0.0,N=50: Q≈5.403940e+03, quad_like_err≈1.666e-04, tail_mass_bound≈1.812e-08, sup_D_sq≈2.456e+02, tail_contrib≈4.450e-06, threshold≈5.404e+01, ok=True
[OK] Module7_TailControl::H=0.1,T0=0.0,N=200: H=0.1,T0=0.0,N=200: Q≈2.554928e+04, quad_like_err≈7.895e-04, tail_mass_bound≈1.812e-08, sup_D_sq≈1.260e+03, tail_contrib≈2.283e-05, threshold≈2.555e+02, ok=True
[OK] Module7_TailControl::H=0.1,T0=50.0,N=62: H=0.1,T0=50.0,N=62: Q≈1.083828e+01, quad_like_err≈3.993e-06, tail_mass_bound≈1.812e-08, sup_D_sq≈3.179e+02, tail_contrib≈5.760e-06, threshold≈1.084e-01, ok=True
[OK] Module7_TailControl::H=0.1,T0=50.0,N=200: H=0.1,T0=50.0,N=200: Q≈1.019836e+01, quad_like_err≈4.033e-06, tail_mass_bound≈1.812e-08, sup_D_sq≈1.260e+03, tail_contrib≈2.283e-05, threshold≈1.020e-01, ok=True
[OK] Module7_TailControl::H=0.5,T0=0.0,N=50: H=0.5,T0=0.0,N=50: Q≈9.955131e+02, quad_like_err≈8.332e-04, tail_mass_bound≈3.624e-09, sup_D_sq≈2.456e+02, tail_contrib≈8.901e-07, threshold≈9.955e+00, ok=True
[OK] Module7_TailControl::H=0.5,T0=0.0,N=200: H=0.5,T0=0.0,N=200: Q≈4.524361e+03, quad_like_err≈3.948e-03, tail_mass_bound≈3.624e-09, sup_D_sq≈1.260e+03, tail_contrib≈4.565e-06, threshold≈4.524e+01, ok=True
[OK] Module7_TailControl::H=0.5,T0=50.0,N=55: H=0.5,T0=50.0,N=55: Q≈4.900665e+00, quad_like_err≈4.891e-05, tail_mass_bound≈3.624e-09, sup_D_sq≈2.754e+02, tail_contrib≈9.981e-07, threshold≈4.901e-02, ok=True
[OK] Module7_TailControl::H=0.5,T0=50.0,N=200: H=0.5,T0=50.0,N=200: Q≈4.824248e+00, quad_like_err≈5.207e-05, tail_mass_bound≈3.624e-09, sup_D_sq≈1.260e+03, tail_contrib≈4.565e-06, threshold≈4.824e-02, ok=True
[OK] Module7_TailControl::H=1.0,T0=0.0,N=50: H=1.0,T0=0.0,N=50: Q≈4.107814e+02, quad_like_err≈1.666e-03, tail_mass_bound≈1.812e-09, sup_D_sq≈2.456e+02, tail_contrib≈4.450e-07, threshold≈4.108e+00, ok=True
[OK] Module7_TailControl::H=1.0,T0=0.0,N=200: H=1.0,T0=0.0,N=200: Q≈1.769773e+03, quad_like_err≈7.895e-03, tail_mass_bound≈1.812e-09, sup_D_sq≈1.260e+03, tail_contrib≈2.283e-06, threshold≈1.770e+01, ok=True
[OK] Module7_TailControl::H=1.0,T0=50.0,N=54: H=1.0,T0=50.0,N=54: Q≈5.237521e+00, quad_like_err≈3.181e-04, tail_mass_bound≈1.812e-09, sup_D_sq≈2.694e+02, tail_contrib≈4.882e-07, threshold≈5.238e-02, ok=True
[OK] Module7_TailControl::H=1.0,T0=50.0,N=200: H=1.0,T0=50.0,N=200: Q≈5.409557e+00, quad_like_err≈3.298e-04, tail_mass_bound≈1.812e-09, sup_D_sq≈1.260e+03, tail_contrib≈2.283e-06, threshold≈5.410e-02, ok=True
[OK] Module7_TailControl::H=2.0,T0=0.0,N=50: H=2.0,T0=0.0,N=50: Q≈1.376147e+02, quad_like_err≈3.332e-03, tail_mass_bound≈9.060e-10, sup_D_sq≈2.456e+02, tail_contrib≈2.225e-07, threshold≈1.376e+00, ok=True
[OK] Module7_TailControl::H=2.0,T0=0.0,N=200: H=2.0,T0=0.0,N=200: Q≈5.705824e+02, quad_like_err≈1.579e-02, tail_mass_bound≈9.060e-10, sup_D_sq≈1.260e+03, tail_contrib≈1.141e-06, threshold≈5.706e+00, ok=True
[OK] Module7_TailControl::H=2.0,T0=50.0,N=52: H=2.0,T0=50.0,N=52: Q≈4.533726e+00, quad_like_err≈6.313e-04, tail_mass_bound≈9.060e-10, sup_D_sq≈2.575e+02, tail_contrib≈2.333e-07, threshold≈4.534e-02, ok=True
[OK] Module7_TailControl::H=2.0,T0=50.0,N=200: H=2.0,T0=50.0,N=200: Q≈4.808256e+00, quad_like_err≈6.596e-04, tail_mass_bound≈9.060e-10, sup_D_sq≈1.260e+03, tail_contrib≈1.141e-06, threshold≈4.808e-02, ok=True

================================================================================
VOLUME XI — Module 8: Resonance and Adversarial Regime at Scale
================================================================================
[OK] Module8_ResonanceLargeN::N=50,n=2,m=3,k=1: N=50,(n,m)=(2,3),k=1,T0≈-1.549624e+01: Q0=1.153e+01,Q+=1.018e+01,Q-=1.295e+01,min_Q=1.018e+01, tail_max=1.348e-04, ok=True
[OK] Module8_ResonanceLargeN::N=50,n=2,m=5,k=1: N=50,(n,m)=(2,5),k=1,T0≈-6.857196e+00: Q0=9.297e+00,Q+=8.942e+00,Q-=9.649e+00,min_Q=8.942e+00, tail_max=8.238e-04, ok=True
[OK] Module8_ResonanceLargeN::N=200,n=2,m=3,k=1: N=200,(n,m)=(2,3),k=1,T0≈-1.549624e+01: Q0=1.172e+01,Q+=1.038e+01,Q-=1.313e+01,min_Q=1.038e+01, tail_max=1.374e-04, ok=True
[OK] Module8_ResonanceLargeN::N=200,n=2,m=5,k=1: N=200,(n,m)=(2,5),k=1,T0≈-6.857196e+00: Q0=9.309e+00,Q+=9.010e+00,Q-=9.628e+00,min_Q=9.010e+00, tail_max=2.682e-03, ok=True
[OK] Module8_ResonanceLargeN::N=500,n=2,m=3,k=1: N=500,(n,m)=(2,3),k=1,T0≈-1.549624e+01: Q0=1.169e+01,Q+=1.037e+01,Q-=1.309e+01,min_Q=1.037e+01, tail_max=1.375e-04, ok=True
[OK] Module8_ResonanceLargeN::N=500,n=2,m=5,k=1: N=500,(n,m)=(2,5),k=1,T0≈-6.857196e+00: Q0=9.498e+00,Q+=9.206e+00,Q-=9.808e+00,min_Q=9.206e+00, tail_max=6.008e-03, ok=True

================================================================================
VOLUME XI — Module 9: Scalability Diagnostics
================================================================================
[OK] Module9_Scalability::verify_net_positivity_runtime: N_values=[20, 50, 100, 200, 500, 1000], times=['7.153e-06', '1.907e-06', '9.537e-07', '2.146e-06', '1.192e-06', '1.669e-06'], log-log fit time ~ N^-0.300, ok=True

================================================================================
VOLUME XI — Module 10: Statistical Robustness
================================================================================
[OK] Module10_StatisticalRobustness::num_samples=300: samples=300, failures=0, failure_rate=0.000e+00, ok=True

================================================================================
VOLUME XI — Module 11: Asymptotic N Regime / Normalized Invariance
================================================================================
[FAIL] Module11_AsymptoticRegime::normalized_Q_over_large_N: H=1.0,T0=30.0, N_values=[1000, 5000, 10000, 20000, 50000], Q_lognorm=['1.1074e+00', '9.0857e-01', '8.5162e-01', '8.1364e-01', '8.0583e-01'], ratios=['0.820', '0.937', '0.955', '0.990'], stabilized≈False, ratio_band_ok≈False

================================================================================
VOLUME XI — Module 12: Adversarial Worst-Case Constructions
================================================================================
[OK] Module12_Adversarial::near_collision_n=2_m=3_k=5_eps=0.0: near-log-collision: N=5000,(n,m)=(2,3),k=5,eps=0.0e+00,T0≈-7.748121e+01, Q=6.740e+00, net=5.599e+00, ok=True
[OK] Module12_Adversarial::near_collision_n=2_m=3_k=5_eps=0.001: near-log-collision: N=5000,(n,m)=(2,3),k=5,eps=1.0e-03,T0≈-7.748021e+01, Q=6.719e+00, net=5.588e+00, ok=True
[OK] Module12_Adversarial::near_collision_n=2_m=3_k=5_eps=0.01: near-log-collision: N=5000,(n,m)=(2,3),k=5,eps=1.0e-02,T0≈-7.747121e+01, Q=6.532e+00, net=5.489e+00, ok=True
[OK] Module12_Adversarial::near_collision_n=2_m=3_k=10_eps=0.0: near-log-collision: N=5000,(n,m)=(2,3),k=10,eps=0.0e+00,T0≈-1.549624e+02, Q=2.925e+02, net=1.951e+02, ok=True
[OK] Module12_Adversarial::near_collision_n=2_m=3_k=10_eps=0.001: near-log-collision: N=5000,(n,m)=(2,3),k=10,eps=1.0e-03,T0≈-1.549614e+02, Q=2.928e+02, net=1.953e+02, ok=True
[OK] Module12_Adversarial::near_collision_n=2_m=3_k=10_eps=0.01: near-log-collision: N=5000,(n,m)=(2,3),k=10,eps=1.0e-02,T0≈-1.549524e+02, Q=2.955e+02, net=1.972e+02, ok=True
[OK] Module12_Adversarial::near_collision_n=2_m=5_k=5_eps=0.0: near-log-collision: N=5000,(n,m)=(2,5),k=5,eps=0.0e+00,T0≈-3.428598e+01, Q=7.019e+01, net=5.132e+01, ok=True
[OK] Module12_Adversarial::near_collision_n=2_m=5_k=5_eps=0.001: near-log-collision: N=5000,(n,m)=(2,5),k=5,eps=1.0e-03,T0≈-3.428498e+01, Q=7.011e+01, net=5.127e+01, ok=True
[OK] Module12_Adversarial::near_collision_n=2_m=5_k=5_eps=0.01: near-log-collision: N=5000,(n,m)=(2,5),k=5,eps=1.0e-02,T0≈-3.427598e+01, Q=6.938e+01, net=5.084e+01, ok=True
[OK] Module12_Adversarial::near_collision_n=2_m=5_k=10_eps=0.0: near-log-collision: N=5000,(n,m)=(2,5),k=10,eps=0.0e+00,T0≈-6.857196e+01, Q=3.170e+01, net=2.110e+01, ok=True
[OK] Module12_Adversarial::near_collision_n=2_m=5_k=10_eps=0.001: near-log-collision: N=5000,(n,m)=(2,5),k=10,eps=1.0e-03,T0≈-6.857096e+01, Q=3.172e+01, net=2.111e+01, ok=True
[OK] Module12_Adversarial::near_collision_n=2_m=5_k=10_eps=0.01: near-log-collision: N=5000,(n,m)=(2,5),k=10,eps=1.0e-02,T0≈-6.856196e+01, Q=3.187e+01, net=2.122e+01, ok=True
[OK] Module12_Adversarial::clustered_H=2.0_N=10000_T0=100.0: clustered-freq: H=2.0,N=10000,T0=100.0,Q=1.494e+01, net=8.333e+00, ok=True
[OK] Module12_Adversarial::clustered_H=2.0_N=10000_T0=200.0: clustered-freq: H=2.0,N=10000,T0=200.0,Q=6.696e+01, net=2.084e+01, ok=True

================================================================================
VOLUME XI — Module 13: Error Budget Decomposition
================================================================================
[OK] Module13_ErrorBudget::H=1.0,T0=40.0,N=500: H=1.0,T0=40.0,N=500: Q_hp=1.346397e+01,Q_v9=1.346397e+01, quad_like_err≈3.332e-04, tail_err≈6.537e-06, impl_err≈0.000e+00, floor≈1.285e+01, total_err≈3.398e-04, ok=True

================================================================================
VOLUME XI — SUMMARY
================================================================================
Total checks: 136, Passed: 135, Failed: 1
VOLUME XI PARTIAL: Some checks failed; inspect details above.

================================================================================
VOLUME XI — RIGOROUS SUITE (NON-RANDOM, NO SKIPS)
================================================================================
[OK] XI_RigorousSingle::H=0.1,T0=0.0,N=20
  H=0.1, T0=0, N=20, L=0.6 | Q_trunc=1.743747011818e+03, F_floor=1.737317310383e+03, E_tail=2.018447452353e-06, E_quad=5.369795264194e-05, E_spec=1.623448042665e-10, E_num=1.743747011818e-07, E_total=5.589093714028e-05, Q_lower_bound=1.743746955927e+03, spec_status=full_spec_check
[OK] XI_RigorousSingle::H=0.1,T0=0.0,N=50
  H=0.1, T0=0, N=50, L=0.6 | Q_trunc=5.403940395231e+03, F_floor=5.373030127896e+03, E_tail=5.335892066700e-06, E_quad=1.666367261595e-04, E_spec=5.084075382911e-10, E_num=5.403940395231e-07, E_total=1.725135206733e-04, Q_lower_bound=5.403940222717e+03, spec_status=full_spec_check
[OK] XI_RigorousSingle::H=0.1,T0=0.0,N=100
  H=0.1, T0=0, N=100, L=0.6 | Q_trunc=1.194220598002e+04, F_floor=1.185475014598e+04, E_tail=1.077489317926e-05, E_quad=3.686493211436e-04, E_spec=1.133230398409e-09, E_num=1.194220598002e-06, E_total=3.806195681513e-04, Q_lower_bound=1.194220559940e+04, spec_status=full_spec_check
[OK] XI_RigorousSingle::H=0.1,T0=0.0,N=200
  H=0.1, T0=0, N=200, L=0.6 | Q_trunc=2.554927701729e+04, F_floor=2.532183430424e+04, E_tail=2.158684423630e-05, E_quad=7.895431329686e-04, E_spec=2.441083779559e-09, E_num=2.554927701729e-06, E_total=8.136873459904e-04, Q_lower_bound=2.554927620360e+04, spec_status=full_spec_check
[OK] XI_RigorousSingle::H=0.1,T0=0.0,N=500
  H=0.1, T0=0, N=500, L=0.6 | Q_trunc=6.765619482946e+04, F_floor=6.692183612991e+04, E_tail=5.395286023769e-05, E_quad=2.093608608938e-03, E_spec=6.533809937537e-09, E_num=6.765619482946e-06, E_total=2.154333622468e-03, Q_lower_bound=6.765619267512e+04, spec_status=full_spec_check
[OK] XI_RigorousSingle::H=0.1,T0=0.0,N=1000
  H=0.1, T0=0, N=1000, L=0.6 | Q_trunc=1.391707775410e+05, F_floor=1.374759231337e+05, E_tail=1.078747220481e-04, E_quad=4.310680545163e-03, E_spec=1.353328116238e-08, E_num=1.391707775410e-05, E_total=4.432485878247e-03, Q_lower_bound=1.391707731085e+05, spec_status=full_spec_check
[OK] XI_RigorousSingle::H=0.1,T0=10.0,N=20
  H=0.1, T0=10, N=20, L=0.6 | Q_trunc=1.826250845449e+02, F_floor=1.826260343054e+02, E_tail=3.194194504363e-07, E_quad=5.633849422376e-06, E_spec=1.668354343565e-11, E_num=1.826250845449e-08, E_total=5.971548064810e-06, Q_lower_bound=1.826250785734e+02, spec_status=full_spec_check
[OK] XI_RigorousSingle::H=0.1,T0=10.0,N=50
  H=0.1, T0=10, N=50, L=0.6 | Q_trunc=1.966014860340e+02, F_floor=1.963186258085e+02, E_tail=3.281568057641e-07, E_quad=6.134875777670e-06, E_spec=1.810462890717e-11, E_num=1.966014860340e-08, E_total=6.482710836667e-06, Q_lower_bound=1.966014795513e+02, spec_status=full_spec_check
[OK] XI_RigorousSingle::H=0.1,T0=10.0,N=100
  H=0.1, T0=10, N=100, L=0.6 | Q_trunc=2.028075075391e+02, F_floor=2.021970142863e+02, E_tail=3.282841795702e-07, E_quad=6.257241168199e-06, E_spec=1.881517164293e-11, E_num=2.028075075391e-08, E_total=6.605824913694e-06, Q_lower_bound=2.028075009332e+02, spec_status=full_spec_check
[OK] XI_RigorousSingle::H=0.1,T0=10.0,N=200
  H=0.1, T0=10, N=200, L=0.6 | Q_trunc=2.064147216945e+02, F_floor=2.054537654064e+02, E_tail=3.294546864523e-07, E_quad=6.394439203313e-06, E_spec=1.935518412211e-11, E_num=2.064147216945e-08, E_total=6.744554717119e-06, Q_lower_bound=2.064147149499e+02, spec_status=full_spec_check
[OK] XI_RigorousSingle::H=0.1,T0=10.0,N=500
  H=0.1, T0=10, N=500, L=0.6 | Q_trunc=1.684907384755e+02, F_floor=1.704545549378e+02, E_tail=3.316863826221e-07, E_quad=6.675671862166e-06, E_spec=1.429611984349e-11, E_num=1.684907384755e-08, E_total=7.024221614755e-06, Q_lower_bound=1.684907314513e+02, spec_status=full_spec_check
[OK] XI_RigorousSingle::H=0.1,T0=10.0,N=1000
  H=0.1, T0=10, N=1000, L=0.6 | Q_trunc=1.701676769967e+02, F_floor=1.724535046278e+02, E_tail=3.325597059290e-07, E_quad=7.075627986691e-06, E_spec=1.423927642463e-11, E_num=1.701676769967e-08, E_total=7.425218699596e-06, Q_lower_bound=1.701676695715e+02, spec_status=full_spec_check
[OK] XI_RigorousSingle::H=0.1,T0=50.0,N=20
  H=0.1, T0=50, N=20, L=0.6 | Q_trunc=2.008528851084e+01, F_floor=2.067357205882e+01, E_tail=3.144920550453e-07, E_quad=3.282242423359e-06, E_spec=1.559641304993e-12, E_num=2.008528851084e-09, E_total=3.598744566897e-06, Q_lower_bound=2.008528491209e+01, spec_status=full_spec_check
pec_check
[OK] XI_RigorousSingle::H=0.1,T0=50.0,N=50
  H=0.1, T0=50, N=50, L=0.6 | Q_trunc=1.091343382646e+01, F_floor=1.183962927994e+01, E_tail=4.389368479959e-07, E_quad=3.877025180647e-06, E_spec=5.666578317687e-13, E_num=1.091343382646e-09, E_total=4.317053938683e-06, Q_lower_bound=1.091342950940e+01, spec_status=full_spec_check
[OK] XI_RigorousSingle::H=0.1,T0=50.0,N=100
  H=0.1, T0=50, N=100, L=0.6 | Q_trunc=1.000620444861e+01, F_floor=1.106280968265e+01, E_tail=4.614089621008e-07, E_quad=4.119725216676e-06, E_spec=4.192202140985e-13, E_num=1.000620444861e-09, E_total=4.582135218442e-06, Q_lower_bound=1.000619986648e+01, spec_status=full_spec_check
[OK] XI_RigorousSingle::H=0.1,T0=50.0,N=200
  H=0.1, T0=50, N=200, L=0.6 | Q_trunc=1.019836353564e+01, F_floor=1.115970557820e+01, E_tail=4.696605416384e-07, E_quad=4.032543673440e-06, E_spec=4.902744876745e-13, E_num=1.019836353564e-09, E_total=4.503224541707e-06, Q_lower_bound=1.019835903242e+01, spec_status=full_spec_check
[OK] XI_RigorousSingle::H=0.1,T0=50.0,N=500
  H=0.1, T0=50, N=500, L=0.6 | Q_trunc=8.852538063964e+00, F_floor=9.946974289547e+00, E_tail=4.711545191820e-07, E_quad=4.248915790230e-06, E_spec=2.984279490192e-13, E_num=8.852538063964e-10, E_total=4.720955861646e-06, Q_lower_bound=8.852533343008e+00, spec_status=full_spec_check
[OK] XI_RigorousSingle::H=0.1,T0=50.0,N=1000
  H=0.1, T0=50, N=1000, L=0.6 | Q_trunc=1.167202521519e+01, F_floor=1.258727022600e+01, E_tail=4.711811419635e-07, E_quad=3.928958399849e-06, E_spec=6.465938895417e-13, E_num=1.167202521519e-09, E_total=4.401307390927e-06, Q_lower_bound=1.167202081388e+01, spec_status=full_spec_check
[OK] XI_RigorousSingle::H=0.1,T0=100.0,N=20
  H=0.1, T0=100, N=20, L=0.6 | Q_trunc=2.180792830412e+02, F_floor=2.170513956227e+02, E_tail=3.241145601524e-07, E_quad=6.783284461707e-06, E_spec=2.040678737103e-11, E_num=2.180792830412e-08, E_total=7.129227356951e-06, Q_lower_bound=2.180792759120e+02, spec_status=full_spec_check
[OK] XI_RigorousSingle::H=0.1,T0=100.0,N=50
  H=0.1, T0=100, N=50, L=0.6 | Q_trunc=4.562585124456e+02, F_floor=4.527118861534e+02, E_tail=4.633296848129e-07, E_quad=1.414732631390e-05, E_spec=4.331468517194e-11, E_num=4.562585124456e-08, E_total=1.465632516464e-05, Q_lower_bound=4.562584977893e+02, spec_status=full_spec_check
[OK] XI_RigorousSingle::H=0.1,T0=100.0,N=100
  H=0.1, T0=100, N=100, L=0.6 | Q_trunc=5.435436085575e+02, F_floor=5.392008398640e+02, E_tail=5.314850207019e-07, E_quad=1.684999267271e-05, E_spec=5.172751116334e-11, E_num=5.435436085575e-08, E_total=1.743588378178e-05, Q_lower_bound=5.435435911216e+02, spec_status=full_spec_check
[OK] XI_RigorousSingle::H=0.1,T0=100.0,N=200
  H=0.1, T0=100, N=200, L=0.6 | Q_trunc=5.702370856652e+02, F_floor=5.656280589343e+02, E_tail=5.535668457270e-07, E_quad=1.767331099549e-05, E_spec=5.422862159321e-11, E_num=5.702370856652e-08, E_total=1.828395577840e-05, Q_lower_bound=5.702370673812e+02, spec_status=full_spec_check
[OK] XI_RigorousSingle::H=0.1,T0=100.0,N=500
  H=0.1, T0=100, N=500, L=0.6 | Q_trunc=5.732265201585e+02, F_floor=5.687891439995e+02, E_tail=5.607552971979e-07, E_quad=1.781068187261e-05, E_spec=5.434230843093e-11, E_num=5.732265201585e-08, E_total=1.842881416413e-05, Q_lower_bound=5.732265017297e+02, spec_status=full_spec_check
[OK] XI_RigorousSingle::H=0.1,T0=100.0,N=1000
  H=0.1, T0=100, N=1000, L=0.6 | Q_trunc=5.742600568432e+02, F_floor=5.698591661911e+02, E_tail=5.613690475487e-07, E_quad=1.787233962874e-05, E_spec=5.456968210638e-11, E_num=5.742600568432e-08, E_total=1.849118925166e-05, Q_lower_bound=5.742600383520e+02, spec_status=full_spec_check
[OK] XI_RigorousSingle::H=0.1,T0=-50.0,N=20
  H=0.1, T0=-50, N=20, L=0.6 | Q_trunc=2.008528851084e+01, F_floor=2.067357205882e+01, E_tail=3.144920550453e-07, E_quad=3.282242423359e-06, E_spec=1.559641304993e-12, E_num=2.008528851084e-09, E_total=3.598744566897e-06, Q_lower_bound=2.008528491209e+01, spec_status=full_spec_check
[OK] XI_RigorousSingle::H=0.1,T0=-50.0,N=50
  H=0.1, T0=-50, N=50, L=0.6 | Q_trunc=1.091343382646e+01, F_floor=1.183962927994e+01, E_tail=4.389368479959e-07, E_quad=3.877025180647e-06, E_spec=5.666578317687e-13, E_num=1.091343382646e-09, E_total=4.317053938683e-06, Q_lower_bound=1.091342950940e+01, spec_status=full_spec_check
[OK] XI_RigorousSingle::H=0.1,T0=-50.0,N=100
  H=0.1, T0=-50, N=100, L=0.6 | Q_trunc=1.000620444861e+01, F_floor=1.106280968265e+01, E_tail=4.614089621008e-07, E_quad=4.119725216676e-06, E_spec=4.192202140985e-13, E_num=1.000620444861e-09, E_total=4.582135218442e-06, Q_lower_bound=1.000619986648e+01, spec_status=full_spec_check
[OK] XI_RigorousSingle::H=0.1,T0=-50.0,N=200
  H=0.1, T0=-50, N=200, L=0.6 | Q_trunc=1.019836353564e+01, F_floor=1.115970557820e+01, E_tail=4.696605416384e-07, E_quad=4.032543673440e-06, E_spec=4.902744876745e-13, E_num=1.019836353564e-09, E_total=4.503224541707e-06, Q_lower_bound=1.019835903242e+01, spec_status=full_spec_check
[OK] XI_RigorousSingle::H=0.1,T0=-50.0,N=500
  H=0.1, T0=-50, N=500, L=0.6 | Q_trunc=8.852538063964e+00, F_floor=9.946974289547e+00, E_tail=4.711545191820e-07, E_quad=4.248915790230e-06, E_spec=2.984279490192e-13, E_num=8.852538063964e-10, E_total=4.720955861646e-06, Q_lower_bound=8.852533343008e+00, spec_status=full_spec_check
[OK] XI_RigorousSingle::H=0.1,T0=-50.0,N=1000
  H=0.1, T0=-50, N=1000, L=0.6 | Q_trunc=1.167202521519e+01, F_floor=1.258727022600e+01, E_tail=4.711811419635e-07, E_quad=3.928958399849e-06, E_spec=6.465938895417e-13, E_num=1.167202521519e-09, E_total=4.401307390927e-06, Q_lower_bound=1.167202081388e+01, spec_status=full_spec_check
[OK] XI_RigorousSingle::H=0.1,T0=-100.0,N=20
  H=0.1, T0=-100, N=20, L=0.6 | Q_trunc=2.180792830412e+02, F_floor=2.170513956227e+02, E_tail=3.241145601524e-07, E_quad=6.783284461707e-06, E_spec=2.040678737103e-11, E_num=2.180792830412e-08, E_total=7.129227356951e-06, Q_lower_bound=2.180792759120e+02, spec_status=full_spec_check
[OK] XI_RigorousSingle::H=0.1,T0=-100.0,N=50
  H=0.1, T0=-100, N=50, L=0.6 | Q_trunc=4.562585124456e+02, F_floor=4.527118861534e+02, E_tail=4.633296848129e-07, E_quad=1.414732631390e-05, E_spec=4.331468517194e-11, E_num=4.562585124456e-08, E_total=1.465632516464e-05, Q_lower_bound=4.562584977893e+02, spec_status=full_spec_check
[OK] XI_RigorousSingle::H=0.1,T0=-100.0,N=100
  H=0.1, T0=-100, N=100, L=0.6 | Q_trunc=5.435436085575e+02, F_floor=5.392008398640e+02, E_tail=5.314850207019e-07, E_quad=1.684999267271e-05, E_spec=5.172751116334e-11, E_num=5.435436085575e-08, E_total=1.743588378178e-05, Q_lower_bound=5.435435911216e+02, spec_status=full_spec_check
[OK] XI_RigorousSingle::H=0.1,T0=-100.0,N=200
  H=0.1, T0=-100, N=200, L=0.6 | Q_trunc=5.702370856652e+02, F_floor=5.656280589343e+02, E_tail=5.535668457270e-07, E_quad=1.767331099549e-05, E_spec=5.422862159321e-11, E_num=5.702370856652e-08, E_total=1.828395577840e-05, Q_lower_bound=5.702370673812e+02, spec_status=full_spec_check
[OK] XI_RigorousSingle::H=0.1,T0=-100.0,N=500
  H=0.1, T0=-100, N=500, L=0.6 | Q_trunc=5.732265201585e+02, F_floor=5.687891439995e+02, E_tail=5.607552971979e-07, E_quad=1.781068187261e-05, E_spec=5.434230843093e-11, E_num=5.732265201585e-08, E_total=1.842881416413e-05, Q_lower_bound=5.732265017297e+02, spec_status=full_spec_check
[OK] XI_RigorousSingle::H=0.1,T0=-100.0,N=1000
  H=0.1, T0=-100, N=1000, L=0.6 | Q_trunc=5.742600568432e+02, F_floor=5.698591661911e+02, E_tail=5.613690475487e-07, E_quad=1.787233962874e-05, E_spec=5.456968210638e-11, E_num=5.742600568432e-08, E_total=1.849118925166e-05, Q_lower_bound=5.742600383520e+02, spec_status=full_spec_check
[OK] XI_RigorousSingle::H=0.25,T0=0.0,N=20
  H=0.25, T0=0, N=20, L=1.5 | Q_trunc=6.889009015043e+02, F_floor=6.740232369594e+02, E_tail=1.992369296739e-07, E_quad=1.342447010069e-04, E_spec=0.000000000000e+00, E_num=6.889009015043e-08, E_total=1.345128280267e-04, Q_lower_bound=6.889007669914e+02, spec_status=full_spec_check
[OK] XI_RigorousSingle::H=0.25,T0=0.0,N=50
  H=0.25, T0=0, N=50, L=1.5 | Q_trunc=2.120457307045e+03, F_floor=2.051932897972e+03, E_tail=4.236766088313e-07, E_quad=4.165909380817e-04, E_spec=4.547473508865e-13, E_num=2.120457307045e-07, E_total=4.172266608760e-04, Q_lower_bound=2.120456889818e+03, spec_status=full_spec_check
[OK] XI_RigorousSingle::H=0.25,T0=0.0,N=100
  H=0.25, T0=0, N=100, L=1.5 | Q_trunc=4.661130630380e+03, F_floor=4.474168455272e+03, E_tail=8.349086273081e-07, E_quad=9.216207991588e-04, E_spec=0.000000000000e+00, E_num=4.661130630380e-07, E_total=9.229218208492e-04, Q_lower_bound=4.661129707458e+03, spec_status=full_spec_check
[OK] XI_RigorousSingle::H=0.25,T0=0.0,N=200
  H=0.25, T0=0, N=200, L=1.5 | Q_trunc=9.920375468960e+03, F_floor=9.452258916523e+03, E_tail=1.663051614116e-06, E_quad=1.973851260953e-03, E_spec=0.000000000000e+00, E_num=9.920375468960e-07, E_total=1.976506350114e-03, Q_lower_bound=9.920373492454e+03, spec_status=full_spec_check
[OK] XI_RigorousSingle::H=0.25,T0=0.0,N=500
  H=0.25, T0=0, N=500, L=1.5 | Q_trunc=2.610364260151e+04, F_floor=2.466631932160e+04, E_tail=4.126233269230e-06, E_quad=5.234000030620e-03, E_spec=0.000000000000e+00, E_num=2.610364260151e-06, E_total=5.240736628150e-03, Q_lower_bound=2.610363736078e+04, spec_status=full_spec_check
[OK] XI_RigorousSingle::H=0.25,T0=0.0,N=1000
  H=0.25, T0=0, N=1000, L=1.5 | Q_trunc=5.346885488363e+04, F_floor=5.027076539911e+04, E_tail=8.222600282007e-06, E_quad=1.077665126409e-02, E_spec=0.000000000000e+00, E_num=5.346885488363e-06, E_total=1.079022074986e-02, Q_lower_bound=5.346884409341e+04, spec_status=full_spec_check
[OK] XI_RigorousSingle::H=0.25,T0=10.0,N=20
  H=0.25, T0=10, N=20, L=1.5 | Q_trunc=7.305149589206e+01, F_floor=7.302377304888e+01, E_tail=1.025087457584e-07, E_quad=1.408462363175e-05, E_spec=0.000000000000e+00, E_num=7.305149589206e-09, E_total=1.419443752710e-05, Q_lower_bound=7.305148169762e+01, spec_status=full_spec_check
[OK] XI_RigorousSingle::H=0.25,T0=10.0,N=50
  H=0.25, T0=10, N=50, L=1.5 | Q_trunc=7.827182406685e+01, F_floor=7.770025399067e+01, E_tail=1.053155192207e-07, E_quad=1.533718321875e-05, E_spec=1.421085471520e-14, E_num=7.827182406685e-09, E_total=1.545032593459e-05, Q_lower_bound=7.827180861653e+01, spec_status=full_spec_check
[OK] XI_RigorousSingle::H=0.25,T0=10.0,N=100
  H=0.25, T0=10, N=100, L=1.5 | Q_trunc=8.033812844296e+01, F_floor=7.924607478066e+01, E_tail=1.053045192204e-07, E_quad=1.564309237996e-05, E_spec=1.421085471520e-14, E_num=8.033812844296e-09, E_total=1.575643072624e-05, Q_lower_bound=8.033811268653e+01, spec_status=full_spec_check
[OK] XI_RigorousSingle::H=0.25,T0=10.0,N=200
  H=0.25, T0=10, N=200, L=1.5 | Q_trunc=8.134950893214e+01, F_floor=7.981047569849e+01, E_tail=1.053653938923e-07, E_quad=1.598609092300e-05, E_spec=0.000000000000e+00, E_num=8.134950893214e-09, E_total=1.609959126779e-05, Q_lower_bound=8.134949283255e+01, spec_status=full_spec_check
[OK] XI_RigorousSingle::H=0.25,T0=10.0,N=500
  H=0.25, T0=10, N=500, L=1.5 | Q_trunc=6.979894980161e+01, F_floor=7.221839305172e+01, E_tail=1.063406420069e-07, E_quad=1.668914113832e-05, E_spec=0.000000000000e+00, E_num=6.979894980161e-09, E_total=1.680246167531e-05, Q_lower_bound=6.979893299915e+01, spec_status=full_spec_check
[OK] XI_RigorousSingle::H=0.25,T0=10.0,N=1000
  H=0.25, T0=10, N=1000, L=1.5 | Q_trunc=7.081126116219e+01, F_floor=7.330829828777e+01, E_tail=1.072220367461e-07, E_quad=1.768904600942e-05, E_spec=1.421085471520e-14, E_num=7.081126116219e-09, E_total=1.780334918649e-05, Q_lower_bound=7.081124335884e+01, spec_status=full_spec_check
[OK] XI_RigorousSingle::H=0.25,T0=50.0,N=20
  H=0.25, T0=50, N=20, L=1.5 | Q_trunc=8.820521584587e+00, F_floor=1.014517713328e+01, E_tail=5.206292009999e-07, E_quad=1.696623224336e-05, E_spec=3.552713678801e-15, E_num=8.820521584587e-10, E_total=1.748774350007e-05, Q_lower_bound=8.820504096843e+00, spec_status=full_spec_check
[OK] XI_RigorousSingle::H=0.25,T0=50.0,N=50
  H=0.25, T0=50, N=50, L=1.5 | Q_trunc=5.604905732909e+00, F_floor=7.709404413611e+00, E_tail=6.366813267486e-07, E_quad=2.433437212697e-05, E_spec=4.440892098501e-15, E_num=5.604905732909e-10, E_total=2.497161394873e-05, Q_lower_bound=5.604880761295e+00, spec_status=full_spec_check
[OK] XI_RigorousSingle::H=0.25,T0=50.0,N=100
  H=0.25, T0=50, N=100, L=1.5 | Q_trunc=5.411936245608e+00, F_floor=7.765857961323e+00, E_tail=6.571149527802e-07, E_quad=2.537613503389e-05, E_spec=3.552713678801e-15, E_num=5.411936245608e-10, E_total=2.603379118385e-05, Q_lower_bound=5.411910211817e+00, spec_status=full_spec_check
[OK] XI_RigorousSingle::H=0.25,T0=50.0,N=200
  H=0.25, T0=50, N=200, L=1.5 | Q_trunc=5.372488215339e+00, F_floor=7.617652985566e+00, E_tail=6.623093356708e-07, E_quad=2.603524736201e-05, E_spec=4.440892098501e-15, E_num=5.372488215339e-10, E_total=2.669809395094e-05, Q_lower_bound=5.372461517245e+00, spec_status=full_spec_check
[OK] XI_RigorousSingle::H=0.25,T0=50.0,N=500
  H=0.25, T0=50, N=500, L=1.5 | Q_trunc=5.002185204352e+00, F_floor=7.447064572173e+00, E_tail=6.642298408416e-07, E_quad=2.596869036169e-05, E_spec=4.440892098501e-15, E_num=5.002185204352e-10, E_total=2.663342042549e-05, Q_lower_bound=5.002158570932e+00, spec_status=full_spec_check
[OK] XI_RigorousSingle::H=0.25,T0=50.0,N=1000
  H=0.25, T0=50, N=1000, L=1.5 | Q_trunc=5.902415454470e+00, F_floor=8.069344477414e+00, E_tail=6.643961015059e-07, E_quad=2.552983777767e-05, E_spec=4.440892098501e-15, E_num=5.902415454470e-10, E_total=2.619482412517e-05, Q_lower_bound=5.902389259646e+00, spec_status=full_spec_check
[OK] XI_RigorousSingle::H=0.25,T0=100.0,N=20
  H=0.25, T0=100, N=20, L=1.5 | Q_trunc=8.586632365485e+01, F_floor=8.361043775903e+01, E_tail=1.801570254128e-07, E_quad=1.695820630725e-05, E_spec=2.842170943040e-14, E_num=8.586632365485e-09, E_total=1.714694999345e-05, Q_lower_bound=8.586630650790e+01, spec_status=full_spec_check
[OK] XI_RigorousSingle::H=0.25,T0=100.0,N=50
  H=0.25, T0=100, N=50, L=1.5 | Q_trunc=1.777929844902e+02, F_floor=1.700662569327e+02, E_tail=3.011116442189e-07, E_quad=3.536831802230e-05, E_spec=8.526512829121e-14, E_num=1.777929844902e-08, E_total=3.568720905024e-05, Q_lower_bound=1.777929488030e+02, spec_status=full_spec_check
[OK] XI_RigorousSingle::H=0.25,T0=100.0,N=100
  H=0.25, T0=100, N=100, L=1.5 | Q_trunc=2.116515674761e+02, F_floor=2.022128441622e+02, E_tail=3.444549016308e-07, E_quad=4.212499300064e-05, E_spec=8.526512829121e-14, E_num=2.116515674761e-08, E_total=4.249061314429e-05, Q_lower_bound=2.116515249855e+02, spec_status=full_spec_check
[OK] XI_RigorousSingle::H=0.25,T0=100.0,N=200
  H=0.25, T0=100, N=200, L=1.5 | Q_trunc=2.219789194353e+02, F_floor=2.119948482391e+02, E_tail=3.581644071937e-07, E_quad=4.418325854833e-05, E_spec=5.684341886081e-14, E_num=2.219789194353e-08, E_total=4.456362090432e-05, Q_lower_bound=2.219788748717e+02, spec_status=full_spec_check
[OK] XI_RigorousSingle::H=0.25,T0=100.0,N=500
  H=0.25, T0=100, N=500, L=1.5 | Q_trunc=2.233859291788e+02, F_floor=2.136204614251e+02, E_tail=3.615371571156e-07, E_quad=4.452668989299e-05, E_spec=8.526512829121e-14, E_num=2.233859291788e-08, E_total=4.491056572829e-05, Q_lower_bound=2.233858842682e+02, spec_status=full_spec_check
[OK] XI_RigorousSingle::H=0.25,T0=100.0,N=1000
  H=0.25, T0=100, N=1000, L=1.5 | Q_trunc=2.238396936178e+02, F_floor=2.140903083927e+02, E_tail=3.624031980429e-07, E_quad=4.468072028927e-05, E_spec=5.684341886081e-14, E_num=2.238396936178e-08, E_total=4.506550751352e-05, Q_lower_bound=2.238396485523e+02, spec_status=full_spec_check
[OK] XI_RigorousSingle::H=0.25,T0=-50.0,N=20
  H=0.25, T0=-50, N=20, L=1.5 | Q_trunc=8.820521584587e+00, F_floor=1.014517713328e+01, E_tail=5.206292009999e-07, E_quad=1.696623224336e-05, E_spec=3.552713678801e-15, E_num=8.820521584587e-10, E_total=1.748774350007e-05, Q_lower_bound=8.820504096843e+00, spec_status=full_spec_check
[OK] XI_RigorousSingle::H=0.25,T0=-50.0,N=50
  H=0.25, T0=-50, N=50, L=1.5 | Q_trunc=5.604905732909e+00, F_floor=7.709404413611e+00, E_tail=6.366813267486e-07, E_quad=2.433437212697e-05, E_spec=4.440892098501e-15, E_num=5.604905732909e-10, E_total=2.497161394873e-05, Q_lower_bound=5.604880761295e+00, spec_status=full_spec_check
[OK] XI_RigorousSingle::H=0.25,T0=-50.0,N=100
  H=0.25, T0=-50, N=100, L=1.5 | Q_trunc=5.411936245608e+00, F_floor=7.765857961323e+00, E_tail=6.571149527802e-07, E_quad=2.537613503389e-05, E_spec=3.552713678801e-15, E_num=5.411936245608e-10, E_total=2.603379118385e-05, Q_lower_bound=5.411910211817e+00, spec_status=full_spec_check
[OK] XI_RigorousSingle::H=0.25,T0=-50.0,N=200
  H=0.25, T0=-50, N=200, L=1.5 | Q_trunc=5.372488215339e+00, F_floor=7.617652985566e+00, E_tail=6.623093356708e-07, E_quad=2.603524736201e-05, E_spec=4.440892098501e-15, E_num=5.372488215339e-10, E_total=2.669809395094e-05, Q_lower_bound=5.372461517245e+00, spec_status=full_spec_check
[OK] XI_RigorousSingle::H=0.25,T0=-50.0,N=500
  H=0.25, T0=-50, N=500, L=1.5 | Q_trunc=5.002185204352e+00, F_floor=7.447064572173e+00, E_tail=6.642298408416e-07, E_quad=2.596869036169e-05, E_spec=4.440892098501e-15, E_num=5.002185204352e-10, E_total=2.663342042549e-05, Q_lower_bound=5.002158570932e+00, spec_status=full_spec_check
[OK] XI_RigorousSingle::H=0.25,T0=-50.0,N=1000
  H=0.25, T0=-50, N=1000, L=1.5 | Q_trunc=5.902415454470e+00, F_floor=8.069344477414e+00, E_tail=6.643961015059e-07, E_quad=2.552983777767e-05, E_spec=4.440892098501e-15, E_num=5.902415454470e-10, E_total=2.619482412517e-05, Q_lower_bound=5.902389259646e+00, spec_status=full_spec_check
[OK] XI_RigorousSingle::H=0.25,T0=-100.0,N=20
  H=0.25, T0=-100, N=20, L=1.5 | Q_trunc=8.586632365485e+01, F_floor=8.361043775903e+01, E_tail=1.801570254128e-07, E_quad=1.695820630725e-05, E_spec=2.842170943040e-14, E_num=8.586632365485e-09, E_total=1.714694999345e-05, Q_lower_bound=8.586630650790e+01, spec_status=full_spec_check
[OK] XI_RigorousSingle::H=0.25,T0=-100.0,N=50
  H=0.25, T0=-100, N=50, L=1.5 | Q_trunc=1.777929844902e+02, F_floor=1.700662569327e+02, E_tail=3.011116442189e-07, E_quad=3.536831802230e-05, E_spec=8.526512829121e-14, E_num=1.777929844902e-08, E_total=3.568720905024e-05, Q_lower_bound=1.777929488030e+02, spec_status=full_spec_check
[OK] XI_RigorousSingle::H=0.25,T0=-100.0,N=100
  H=0.25, T0=-100, N=100, L=1.5 | Q_trunc=2.116515674761e+02, F_floor=2.022128441622e+02, E_tail=3.444549016308e-07, E_quad=4.212499300064e-05, E_spec=8.526512829121e-14, E_num=2.116515674761e-08, E_total=4.249061314429e-05, Q_lower_bound=2.116515249855e+02, spec_status=full_spec_check
[OK] XI_RigorousSingle::H=0.25,T0=-100.0,N=200
  H=0.25, T0=-100, N=200, L=1.5 | Q_trunc=2.219789194353e+02, F_floor=2.119948482391e+02, E_tail=3.581644071937e-07, E_quad=4.418325854833e-05, E_spec=5.684341886081e-14, E_num=2.219789194353e-08, E_total=4.456362090432e-05, Q_lower_bound=2.219788748717e+02, spec_status=full_spec_check
[OK] XI_RigorousSingle::H=0.25,T0=-100.0,N=500
  H=0.25, T0=-100, N=500, L=1.5 | Q_trunc=2.233859291788e+02, F_floor=2.136204614251e+02, E_tail=3.615371571156e-07, E_quad=4.452668989299e-05, E_spec=8.526512829121e-14, E_num=2.233859291788e-08, E_total=4.491056572829e-05, Q_lower_bound=2.233858842682e+02, spec_status=full_spec_check
[OK] XI_RigorousSingle::H=0.25,T0=-100.0,N=1000
  H=0.25, T0=-100, N=1000, L=1.5 | Q_trunc=2.238396936178e+02, F_floor=2.140903083927e+02, E_tail=3.624031980429e-07, E_quad=4.468072028927e-05, E_spec=5.684341886081e-14, E_num=2.238396936178e-08, E_total=4.506550751352e-05, Q_lower_bound=2.238396485523e+02, spec_status=full_spec_check
[OK] XI_RigorousSingle::H=0.5,T0=0.0,N=20
  H=0.5, T0=0, N=20, L=3 | Q_trunc=3.302772843069e+02, F_floor=3.067412937158e+02, E_tail=5.549632952858e-08, E_quad=2.684881120319e-04, E_spec=0.000000000000e+00, E_num=3.302772843069e-08, E_total=2.685766360898e-04, Q_lower_bound=3.302770157303e+02, spec_status=full_spec_check
[OK] XI_RigorousSingle::H=0.5,T0=0.0,N=50
  H=0.5, T0=0, N=50, L=3 | Q_trunc=9.955130500647e+02, F_floor=8.986378701162e+02, E_tail=5.679528123562e-08, E_quad=8.331756096383e-04, E_spec=1.136868377216e-13, E_num=9.955130500647e-08, E_total=8.333319563383e-04, Q_lower_bound=9.955122167328e+02, spec_status=full_spec_check
[OK] XI_RigorousSingle::H=0.5,T0=0.0,N=100
  H=0.5, T0=0, N=100, L=3 | Q_trunc=2.155245750264e+03, F_floor=1.911968588941e+03, E_tail=5.691117184929e-08, E_quad=1.843223714843e-03, E_spec=0.000000000000e+00, E_num=2.155245750264e-07, E_total=1.843496150590e-03, Q_lower_bound=2.155243906768e+03, spec_status=full_spec_check
[OK] XI_RigorousSingle::H=0.5,T0=0.0,N=200
  H=0.5, T0=0, N=200, L=3 | Q_trunc=4.524361339895e+03, F_floor=3.960194875038e+03, E_tail=5.694250026141e-08, E_quad=3.947655583173e-03, E_spec=0.000000000000e+00, E_num=4.524361339895e-07, E_total=3.948164961807e-03, Q_lower_bound=4.524357391730e+03, spec_status=full_spec_check
[OK] XI_RigorousSingle::H=0.5,T0=0.0,N=500
  H=0.5, T0=0, N=500, L=3 | Q_trunc=1.172574511415e+04, F_floor=1.013890520832e+04, E_tail=1.089564917141e-07, E_quad=1.046784655035e-02, E_spec=0.000000000000e+00, E_num=1.172574511415e-06, E_total=1.046912808136e-02, Q_lower_bound=1.172573464503e+04, spec_status=full_spec_check
[OK] XI_RigorousSingle::H=0.5,T0=0.0,N=1000
  H=0.5, T0=0, N=1000, L=3 | Q_trunc=2.380229857361e+04, F_floor=2.045920324510e+04, E_tail=2.089069398818e-07, E_quad=2.155294468340e-02, E_spec=0.000000000000e+00, E_num=2.380229857361e-06, E_total=2.155553382020e-02, Q_lower_bound=2.380227701808e+04, spec_status=full_spec_check
[OK] XI_RigorousSingle::H=0.5,T0=10.0,N=20
  H=0.5, T0=10, N=20, L=3 | Q_trunc=3.649338469203e+01, F_floor=3.629288334275e+01, E_tail=1.757964951500e-07, E_quad=2.816924395803e-05, E_spec=0.000000000000e+00, E_num=3.649338469203e-09, E_total=2.834868979165e-05, Q_lower_bound=3.649335634334e+01, spec_status=full_spec_check
[OK] XI_RigorousSingle::H=0.5,T0=10.0,N=50
  H=0.5, T0=10, N=50, L=3 | Q_trunc=3.860539969054e+01, F_floor=3.789589906566e+01, E_tail=3.853507470837e-07, E_quad=3.067437888835e-05, E_spec=0.000000000000e+00, E_num=3.860539969054e-09, E_total=3.106359017540e-05, Q_lower_bound=3.860536862695e+01, spec_status=full_spec_check
[OK] XI_RigorousSingle::H=0.5,T0=10.0,N=100
  H=0.5, T0=10, N=100, L=3 | Q_trunc=3.918056521428e+01, F_floor=3.818320536208e+01, E_tail=7.425270369399e-07, E_quad=3.128608063758e-05, E_spec=7.105427357601e-15, E_num=3.918056521428e-09, E_total=3.203252573815e-05, Q_lower_bound=3.918053318176e+01, spec_status=full_spec_check
[OK] XI_RigorousSingle::H=0.5,T0=10.0,N=200
  H=0.5, T0=10, N=200, L=3 | Q_trunc=3.931229550896e+01, F_floor=3.820383076023e+01, E_tail=1.469031243444e-06, E_quad=3.197219041196e-05, E_spec=7.105427357601e-15, E_num=3.931229550896e-09, E_total=3.344515289206e-05, Q_lower_bound=3.931226206381e+01, spec_status=full_spec_check
[OK] XI_RigorousSingle::H=0.5,T0=10.0,N=500
  H=0.5, T0=10, N=500, L=3 | Q_trunc=3.691634387825e+01, F_floor=3.747074228166e+01, E_tail=3.656886324093e-06, E_quad=3.337790077412e-05, E_spec=7.105427357601e-15, E_num=3.691634387825e-09, E_total=3.703847873971e-05, Q_lower_bound=3.691630683978e+01, spec_status=full_spec_check
[OK] XI_RigorousSingle::H=0.5,T0=10.0,N=1000
  H=0.5, T0=10, N=1000, L=3 | Q_trunc=3.743551092433e+01, F_floor=3.780260247318e+01, E_tail=7.300943013173e-06, E_quad=3.537810890692e-05, E_spec=7.105427357601e-15, E_num=3.743551092433e-09, E_total=4.268279547829e-05, Q_lower_bound=3.743546824153e+01, spec_status=full_spec_check
[OK] XI_RigorousSingle::H=0.5,T0=50.0,N=20
  H=0.5, T0=50, N=20, L=3 | Q_trunc=5.664487190268e+00, F_floor=7.544583199473e+00, E_tail=2.542876922574e-07, E_quad=4.247906034196e-05, E_spec=4.440892098501e-15, E_num=5.664487190268e-10, E_total=4.273391448738e-05, Q_lower_bound=5.664444456353e+00, spec_status=full_spec_check
[OK] XI_RigorousSingle::H=0.5,T0=50.0,N=50
  H=0.5, T0=50, N=50, L=3 | Q_trunc=4.798506281860e+00, F_floor=7.844649146820e+00, E_tail=3.103313851900e-07, E_quad=4.867818266517e-05, E_spec=6.217248937901e-15, E_num=4.798506281860e-10, E_total=4.898899390721e-05, Q_lower_bound=4.798457292866e+00, spec_status=full_spec_check
[OK] XI_RigorousSingle::H=0.5,T0=50.0,N=100
  H=0.5, T0=50, N=100, L=3 | Q_trunc=4.930932856875e+00, F_floor=8.232554399880e+00, E_tail=3.202937304813e-07, E_quad=5.077963352313e-05, E_spec=7.105427357601e-15, E_num=4.930932856875e-10, E_total=5.110042035400e-05, Q_lower_bound=4.930881756454e+00, spec_status=full_spec_check
[OK] XI_RigorousSingle::H=0.5,T0=50.0,N=200
  H=0.5, T0=50, N=200, L=3 | Q_trunc=4.824248190628e+00, F_floor=8.160642190734e+00, E_tail=3.228556005170e-07, E_quad=5.207043312875e-05, E_spec=6.217248937901e-15, E_num=4.824248190628e-10, E_total=5.239377116030e-05, Q_lower_bound=4.824195796857e+00, spec_status=full_spec_check
[OK] XI_RigorousSingle::H=0.5,T0=50.0,N=500
  H=0.5, T0=50, N=500, L=3 | Q_trunc=4.812032155114e+00, F_floor=8.230287422449e+00, E_tail=3.240505586094e-07, E_quad=5.220300663223e-05, E_spec=7.105427357601e-15, E_num=4.812032155114e-10, E_total=5.252753840116e-05, Q_lower_bound=4.811979627576e+00, spec_status=full_spec_check
[OK] XI_RigorousSingle::H=0.5,T0=50.0,N=1000
  H=0.5, T0=50, N=1000, L=3 | Q_trunc=5.019944559214e+00, F_floor=8.306094138203e+00, E_tail=3.240803056139e-07, E_quad=5.105946586290e-05, E_spec=6.217248937901e-15, E_num=5.019944559214e-10, E_total=5.138404816919e-05, Q_lower_bound=5.019893175166e+00, spec_status=full_spec_check
[OK] XI_RigorousSingle::H=0.5,T0=100.0,N=20
  H=0.5, T0=100, N=20, L=3 | Q_trunc=4.080875422353e+01, F_floor=3.782347112255e+01, E_tail=3.176113008151e-07, E_quad=4.740217845582e-05, E_spec=7.105427357601e-15, E_num=4.080875422353e-09, E_total=4.772387063916e-05, Q_lower_bound=4.080870649966e+01, spec_status=full_spec_check
[OK] XI_RigorousSingle::H=0.5,T0=100.0,N=50
  H=0.5, T0=100, N=50, L=3 | Q_trunc=8.163100465965e+01, F_floor=7.162217090503e+01, E_tail=4.847917568367e-07, E_quad=8.695335026574e-05, E_spec=4.263256414561e-14, E_num=8.163100465965e-09, E_total=8.744630516567e-05, Q_lower_bound=8.163091721335e+01, spec_status=full_spec_check
[OK] XI_RigorousSingle::H=0.5,T0=100.0,N=100
  H=0.5, T0=100, N=100, L=3 | Q_trunc=9.695444178558e+01, F_floor=8.478707408969e+01, E_tail=5.394980386697e-07, E_quad=1.002615508459e-04, E_spec=5.684341886081e-14, E_num=9.695444178558e-09, E_total=1.008107443856e-04, Q_lower_bound=9.695434097484e+01, spec_status=full_spec_check
[OK] XI_RigorousSingle::H=0.5,T0=100.0,N=200
  H=0.5, T0=100, N=200, L=3 | Q_trunc=1.016106190963e+02, F_floor=8.879767181209e+01, E_tail=5.558799549206e-07, E_quad=1.048621162700e-04, E_spec=4.263256414561e-14, E_num=1.016106190963e-08, E_total=1.054281573295e-04, Q_lower_bound=1.016105136682e+02, spec_status=full_spec_check
[OK] XI_RigorousSingle::H=0.5,T0=100.0,N=500
  H=0.5, T0=100, N=500, L=3 | Q_trunc=1.024970315660e+02, F_floor=8.972711670495e+01, E_tail=5.609118961867e-07, E_quad=1.055655473230e-04, E_spec=5.684341886081e-14, E_num=1.024970315660e-08, E_total=1.061367089792e-04, Q_lower_bound=1.024969254293e+02, spec_status=full_spec_check
[OK] XI_RigorousSingle::H=0.5,T0=100.0,N=1000
  H=0.5, T0=100, N=1000, L=3 | Q_trunc=1.027318533348e+02, F_floor=8.992931711024e+01, E_tail=5.616574306750e-07, E_quad=1.068546126139e-04, E_spec=4.263256414561e-14, E_num=1.027318533348e-08, E_total=1.074265432725e-04, Q_lower_bound=1.027317459082e+02, spec_status=full_spec_check
[OK] XI_RigorousSingle::H=0.5,T0=-50.0,N=20
  H=0.5, T0=-50, N=20, L=3 | Q_trunc=5.664487190268e+00, F_floor=7.544583199473e+00, E_tail=2.542876922574e-07, E_quad=4.247906034196e-05, E_spec=4.440892098501e-15, E_num=5.664487190268e-10, E_total=4.273391448738e-05, Q_lower_bound=5.664444456353e+00, spec_status=full_spec_check
[OK] XI_RigorousSingle::H=0.5,T0=-50.0,N=50
  H=0.5, T0=-50, N=50, L=3 | Q_trunc=4.798506281860e+00, F_floor=7.844649146820e+00, E_tail=3.103313851900e-07, E_quad=4.867818266517e-05, E_spec=6.217248937901e-15, E_num=4.798506281860e-10, E_total=4.898899390721e-05, Q_lower_bound=4.798457292866e+00, spec_status=full_spec_check
[OK] XI_RigorousSingle::H=0.5,T0=-50.0,N=100
  H=0.5, T0=-50, N=100, L=3 | Q_trunc=4.930932856875e+00, F_floor=8.232554399880e+00, E_tail=3.202937304813e-07, E_quad=5.077963352313e-05, E_spec=7.105427357601e-15, E_num=4.930932856875e-10, E_total=5.110042035400e-05, Q_lower_bound=4.930881756454e+00, spec_status=full_spec_check
[OK] XI_RigorousSingle::H=0.5,T0=-50.0,N=200
  H=0.5, T0=-50, N=200, L=3 | Q_trunc=4.824248190628e+00, F_floor=8.160642190734e+00, E_tail=3.228556005170e-07, E_quad=5.207043312875e-05, E_spec=6.217248937901e-15, E_num=4.824248190628e-10, E_total=5.239377116030e-05, Q_lower_bound=4.824195796857e+00, spec_status=full_spec_check
[OK] XI_RigorousSingle::H=0.5,T0=-50.0,N=500
  H=0.5, T0=-50, N=500, L=3 | Q_trunc=4.812032155114e+00, F_floor=8.230287422449e+00, E_tail=3.240505586094e-07, E_quad=5.220300663223e-05, E_spec=7.105427357601e-15, E_num=4.812032155114e-10, E_total=5.252753840116e-05, Q_lower_bound=4.811979627576e+00, spec_status=full_spec_check
[OK] XI_RigorousSingle::H=0.5,T0=-50.0,N=1000
  H=0.5, T0=-50, N=1000, L=3 | Q_trunc=5.019944559214e+00, F_floor=8.306094138203e+00, E_tail=3.240803056139e-07, E_quad=5.105946586290e-05, E_spec=6.217248937901e-15, E_num=5.019944559214e-10, E_total=5.138404816919e-05, Q_lower_bound=5.019893175166e+00, spec_status=full_spec_check
[OK] XI_RigorousSingle::H=0.5,T0=-100.0,N=20
  H=0.5, T0=-100, N=20, L=3 | Q_trunc=4.080875422353e+01, F_floor=3.782347112255e+01, E_tail=3.176113008151e-07, E_quad=4.740217845582e-05, E_spec=7.105427357601e-15, E_num=4.080875422353e-09, E_total=4.772387063916e-05, Q_lower_bound=4.080870649966e+01, spec_status=full_spec_check
[OK] XI_RigorousSingle::H=0.5,T0=-100.0,N=50
  H=0.5, T0=-100, N=50, L=3 | Q_trunc=8.163100465965e+01, F_floor=7.162217090503e+01, E_tail=4.847917568367e-07, E_quad=8.695335026574e-05, E_spec=4.263256414561e-14, E_num=8.163100465965e-09, E_total=8.744630516567e-05, Q_lower_bound=8.163091721335e+01, spec_status=full_spec_check
[OK] XI_RigorousSingle::H=0.5,T0=-100.0,N=100
  H=0.5, T0=-100, N=100, L=3 | Q_trunc=9.695444178558e+01, F_floor=8.478707408969e+01, E_tail=5.394980386697e-07, E_quad=1.002615508459e-04, E_spec=5.684341886081e-14, E_num=9.695444178558e-09, E_total=1.008107443856e-04, Q_lower_bound=9.695434097484e+01, spec_status=full_spec_check
[OK] XI_RigorousSingle::H=0.5,T0=-100.0,N=200
  H=0.5, T0=-100, N=200, L=3 | Q_trunc=1.016106190963e+02, F_floor=8.879767181209e+01, E_tail=5.558799549206e-07, E_quad=1.048621162700e-04, E_spec=4.263256414561e-14, E_num=1.016106190963e-08, E_total=1.054281573295e-04, Q_lower_bound=1.016105136682e+02, spec_status=full_spec_check
[OK] XI_RigorousSingle::H=0.5,T0=-100.0,N=500
  H=0.5, T0=-100, N=500, L=3 | Q_trunc=1.024970315660e+02, F_floor=8.972711670495e+01, E_tail=5.609118961867e-07, E_quad=1.055655473230e-04, E_spec=5.684341886081e-14, E_num=1.024970315660e-08, E_total=1.061367089792e-04, Q_lower_bound=1.024969254293e+02, spec_status=full_spec_check
[OK] XI_RigorousSingle::H=0.5,T0=-100.0,N=1000
  H=0.5, T0=-100, N=1000, L=3 | Q_trunc=1.027318533348e+02, F_floor=8.992931711024e+01, E_tail=5.616574306750e-07, E_quad=1.068546126139e-04, E_spec=4.263256414561e-14, E_num=1.027318533348e-08, E_total=1.074265432725e-04, Q_lower_bound=1.027317459082e+02, spec_status=full_spec_check
[OK] XI_RigorousSingle::H=1.0,T0=0.0,N=20
  H=1, T0=0, N=20, L=6 | Q_trunc=1.435247730017e+02, F_floor=1.191463612219e+02, E_tail=6.482716369951e-08, E_quad=5.369659043088e-04, E_spec=1.051603248925e-12, E_num=1.435247730017e-08, E_total=5.370450850014e-04, Q_lower_bound=1.435242359566e+02, spec_status=full_spec_check
[OK] XI_RigorousSingle::H=1.0,T0=0.0,N=50
  H=1, T0=0, N=50, L=6 | Q_trunc=4.107814150362e+02, F_floor=3.287588116283e+02, E_tail=6.756894277437e-08, E_quad=1.666301087878e-03, E_spec=1.080024958355e-12, E_num=4.107814150362e-08, E_total=1.666409736042e-03, Q_lower_bound=4.107797486264e+02, spec_status=full_spec_check
[OK] XI_RigorousSingle::H=1.0,T0=0.0,N=100
  H=1, T0=0, N=100, L=6 | Q_trunc=8.625278040877e+02, F_floor=6.795423773478e+02, E_tail=6.813043457338e-08, E_quad=3.686304364965e-03, E_spec=1.136868377216e-12, E_num=8.625278040877e-08, E_total=3.686458749316e-03, Q_lower_bound=8.625241176289e+02, spec_status=full_spec_check
[OK] XI_RigorousSingle::H=1.0,T0=0.0,N=200
  H=1, T0=0, N=200, L=6 | Q_trunc=1.769772858418e+03, F_floor=1.381731190988e+03, E_tail=6.837997838306e-08, E_quad=7.894935666835e-03, E_spec=9.094947017729e-13, E_num=1.769772858418e-07, E_total=7.895181025009e-03, Q_lower_bound=1.769764963237e+03, spec_status=full_spec_check
[OK] XI_RigorousSingle::H=1.0,T0=0.0,N=500
  H=1, T0=0, N=500, L=6 | Q_trunc=4.495804729418e+03, F_floor=3.488848360933e+03, E_tail=6.855306713118e-08, E_quad=2.093446505817e-02, E_spec=9.094947017729e-13, E_num=4.495804729418e-07, E_total=2.093498319262e-02, Q_lower_bound=4.495783794435e+03, spec_status=full_spec_check
[OK] XI_RigorousSingle::H=1.0,T0=0.0,N=1000
  H=1, T0=0, N=1000, L=6 | Q_trunc=9.041172839468e+03, F_floor=7.000910025301e+03, E_tail=6.856492779688e-08, E_quad=4.310302673225e-02, E_spec=0.000000000000e+00, E_num=9.041172839468e-07, E_total=4.310399941447e-02, Q_lower_bound=9.041129735469e+03, spec_status=full_spec_check
[OK] XI_RigorousSingle::H=1.0,T0=10.0,N=20
  H=1, T0=10, N=20, L=6 | Q_trunc=1.803078220265e+01, F_floor=1.738171409031e+01, E_tail=2.512732238940e-07, E_quad=5.633843675348e-05, E_spec=1.925570813910e-12, E_num=1.803078220265e-09, E_total=5.659151498117e-05, Q_lower_bound=1.803072561113e+01, spec_status=full_spec_check
[OK] XI_RigorousSingle::H=1.0,T0=10.0,N=50
  H=1, T0=10, N=50, L=6 | Q_trunc=1.867068628046e+01, F_floor=1.786528360099e+01, E_tail=7.111510994302e-07, E_quad=6.134851600728e-05, E_spec=2.593480985524e-12, E_num=1.867068628046e-09, E_total=6.206153676882e-05, Q_lower_bound=1.867062421892e+01, spec_status=full_spec_check
[OK] XI_RigorousSingle::H=1.0,T0=10.0,N=100
  H=1, T0=10, N=100, L=6 | Q_trunc=1.875082592507e+01, F_floor=1.793212126188e+01, E_tail=1.484411160797e-06, E_quad=6.257122790738e-05, E_spec=4.312994406064e-12, E_num=1.875082592507e-09, E_total=6.405751846377e-05, Q_lower_bound=1.875076186755e+01, spec_status=full_spec_check
[OK] XI_RigorousSingle::H=1.0,T0=10.0,N=200
  H=1, T0=10, N=200, L=6 | Q_trunc=1.875647344056e+01, F_floor=1.795883090753e+01, E_tail=3.033840906116e-06, E_quad=6.394348169044e-05, E_spec=7.176481631177e-12, E_num=1.875647344056e-09, E_total=6.697920542038e-05, Q_lower_bound=1.875640646136e+01, spec_status=full_spec_check
[OK] XI_RigorousSingle::H=1.0,T0=10.0,N=500
  H=1, T0=10, N=500, L=6 | Q_trunc=1.871967042043e+01, F_floor=1.800784695898e+01, E_tail=7.684132542566e-06, E_quad=6.675669475461e-05, E_spec=1.346833755633e-11, E_num=1.871967042043e-09, E_total=7.444271273256e-05, Q_lower_bound=1.871959597772e+01, spec_status=full_spec_check
[OK] XI_RigorousSingle::H=1.0,T0=10.0,N=1000
  H=1, T0=10, N=1000, L=6 | Q_trunc=1.883256815727e+01, F_floor=1.810491427406e+01, E_tail=1.543487539669e-05, E_quad=8.417185927939e-05, E_spec=2.472688720445e-11, E_num=1.883256815727e-09, E_total=9.960864265979e-05, Q_lower_bound=1.883246854863e+01, spec_status=full_spec_check
[OK] XI_RigorousSingle::H=1.0,T0=50.0,N=20
  H=1, T0=50, N=20, L=6 | Q_trunc=4.513034745555e+00, F_floor=5.999643512978e+00, E_tail=1.395768783756e-07, E_quad=2.560705753859e-04, E_spec=6.483702463811e-13, E_num=4.513034745555e-10, E_total=2.562106042162e-04, Q_lower_bound=4.512778534951e+00, spec_status=full_spec_check
[OK] XI_RigorousSingle::H=1.0,T0=50.0,N=50
  H=1, T0=50, N=50, L=6 | Q_trunc=5.131289027315e+00, F_floor=7.504592496395e+00, E_tail=1.855340415374e-07, E_quad=3.163416801521e-04, E_spec=9.441336601412e-13, E_num=5.131289027315e-10, E_total=3.165277282666e-04, Q_lower_bound=5.130972499587e+00, spec_status=full_spec_check
[OK] XI_RigorousSingle::H=1.0,T0=50.0,N=100
  H=1, T0=50, N=100, L=6 | Q_trunc=5.413954562450e+00, F_floor=7.920678562417e+00, E_tail=1.948810745163e-07, E_quad=3.270266284959e-04, E_spec=9.920952948050e-13, E_num=5.413954562450e-10, E_total=3.272220519580e-04, Q_lower_bound=5.413627340398e+00, spec_status=full_spec_check
[OK] XI_RigorousSingle::H=1.0,T0=50.0,N=200
  H=1, T0=50, N=200, L=6 | Q_trunc=5.409557435447e+00, F_floor=7.997989123582e+00, E_tail=1.972762117798e-07, E_quad=3.297938153205e-04, E_spec=1.020517004235e-12, E_num=5.409557435447e-10, E_total=3.299916335086e-04, Q_lower_bound=5.409227443813e+00, spec_status=full_spec_check
[OK] XI_RigorousSingle::H=1.0,T0=50.0,N=500
  H=1, T0=50, N=500, L=6 | Q_trunc=5.456486430603e+00, F_floor=8.039752587712e+00, E_tail=1.980734439816e-07, E_quad=3.332201916739e-04, E_spec=1.031175145272e-12, E_num=5.456486430603e-10, E_total=3.334188117977e-04, Q_lower_bound=5.456153011792e+00, spec_status=full_spec_check
[OK] XI_RigorousSingle::H=1.0,T0=50.0,N=1000
  H=1, T0=50, N=1000, L=6 | Q_trunc=5.468489535041e+00, F_floor=8.048230755508e+00, E_tail=1.981213075796e-07, E_quad=3.354931991832e-04, E_spec=1.014299755298e-12, E_num=5.468489535041e-10, E_total=3.356918683540e-04, Q_lower_bound=5.468153843172e+00, spec_status=full_spec_check
[OK] XI_RigorousSingle::H=1.0,T0=100.0,N=20
  H=1, T0=100, N=20, L=6 | Q_trunc=1.778135307039e+01, F_floor=1.608834055942e+01, E_tail=1.315201718113e-07, E_quad=9.480263034686e-05, E_spec=4.348521542852e-12, E_num=1.778135307039e-09, E_total=9.493593300250e-05, Q_lower_bound=1.778125813446e+01, spec_status=full_spec_check
[OK] XI_RigorousSingle::H=1.0,T0=100.0,N=50
  H=1, T0=100, N=50, L=6 | Q_trunc=3.205972540107e+01, F_floor=2.657572966519e+01, E_tail=1.866148515543e-07, E_quad=1.739023170296e-04, E_spec=5.833555860590e-12, E_num=3.205972540107e-09, E_total=1.740921436873e-04, Q_lower_bound=3.205955130893e+01, spec_status=full_spec_check
[OK] XI_RigorousSingle::H=1.0,T0=100.0,N=100
  H=1, T0=100, N=100, L=6 | Q_trunc=3.784213060314e+01, F_floor=3.120896718372e+01, E_tail=2.043937730255e-07, E_quad=2.005164013045e-04, E_spec=6.345146630338e-12, E_num=3.784213060314e-09, E_total=2.007245856358e-04, Q_lower_bound=3.784192987855e+01, spec_status=full_spec_check
[OK] XI_RigorousSingle::H=1.0,T0=100.0,N=200
  H=1, T0=100, N=200, L=6 | Q_trunc=3.961209822475e+01, F_floor=3.265014426787e+01, E_tail=2.101938855165e-07, E_quad=2.097261126244e-04, E_spec=6.508571459563e-12, E_num=3.961209822475e-09, E_total=2.099402742283e-04, Q_lower_bound=3.961188828447e+01, spec_status=full_spec_check
[OK] XI_RigorousSingle::H=1.0,T0=100.0,N=500
  H=1, T0=100, N=500, L=6 | Q_trunc=4.007046587746e+01, F_floor=3.306024263519e+01, E_tail=2.120257926434e-07, E_quad=2.111312341190e-04, E_spec=6.551204023708e-12, E_num=4.007046587746e-09, E_total=2.113472735094e-04, Q_lower_bound=4.007025453019e+01, spec_status=full_spec_check
[OK] XI_RigorousSingle::H=1.0,T0=100.0,N=1000
  H=1, T0=100, N=1000, L=6 | Q_trunc=4.015725703358e+01, F_floor=3.312653751382e+01, E_tail=2.122562555540e-07, E_quad=2.137039994534e-04, E_spec=6.551204023708e-12, E_num=4.015725703358e-09, E_total=2.139202779858e-04, Q_lower_bound=4.015704311330e+01, spec_status=full_spec_check
[OK] XI_RigorousSingle::H=1.0,T0=-50.0,N=20
  H=1, T0=-50, N=20, L=6 | Q_trunc=4.513034745555e+00, F_floor=5.999643512978e+00, E_tail=1.395768783756e-07, E_quad=2.560705753859e-04, E_spec=6.483702463811e-13, E_num=4.513034745555e-10, E_total=2.562106042162e-04, Q_lower_bound=4.512778534951e+00, spec_status=full_spec_check
[OK] XI_RigorousSingle::H=1.0,T0=-50.0,N=50
  H=1, T0=-50, N=50, L=6 | Q_trunc=5.131289027315e+00, F_floor=7.504592496395e+00, E_tail=1.855340415374e-07, E_quad=3.163416801521e-04, E_spec=9.441336601412e-13, E_num=5.131289027315e-10, E_total=3.165277282666e-04, Q_lower_bound=5.130972499587e+00, spec_status=full_spec_check
[OK] XI_RigorousSingle::H=1.0,T0=-50.0,N=100
  H=1, T0=-50, N=100, L=6 | Q_trunc=5.413954562450e+00, F_floor=7.920678562417e+00, E_tail=1.948810745163e-07, E_quad=3.270266284959e-04, E_spec=9.920952948050e-13, E_num=5.413954562450e-10, E_total=3.272220519580e-04, Q_lower_bound=5.413627340398e+00, spec_status=full_spec_check
[OK] XI_RigorousSingle::H=1.0,T0=-50.0,N=200
  H=1, T0=-50, N=200, L=6 | Q_trunc=5.409557435447e+00, F_floor=7.997989123582e+00, E_tail=1.972762117798e-07, E_quad=3.297938153205e-04, E_spec=1.020517004235e-12, E_num=5.409557435447e-10, E_total=3.299916335086e-04, Q_lower_bound=5.409227443813e+00, spec_status=full_spec_check
[OK] XI_RigorousSingle::H=1.0,T0=-50.0,N=500
  H=1, T0=-50, N=500, L=6 | Q_trunc=5.456486430603e+00, F_floor=8.039752587712e+00, E_tail=1.980734439816e-07, E_quad=3.332201916739e-04, E_spec=1.031175145272e-12, E_num=5.456486430603e-10, E_total=3.334188117977e-04, Q_lower_bound=5.456153011792e+00, spec_status=full_spec_check
[OK] XI_RigorousSingle::H=1.0,T0=-50.0,N=1000
  H=1, T0=-50, N=1000, L=6 | Q_trunc=5.468489535041e+00, F_floor=8.048230755508e+00, E_tail=1.981213075796e-07, E_quad=3.354931991832e-04, E_spec=1.014299755298e-12, E_num=5.468489535041e-10, E_total=3.356918683540e-04, Q_lower_bound=5.468153843172e+00, spec_status=full_spec_check
[OK] XI_RigorousSingle::H=1.0,T0=-100.0,N=20
  H=1, T0=-100, N=20, L=6 | Q_trunc=1.778135307039e+01, F_floor=1.608834055942e+01, E_tail=1.315201718113e-07, E_quad=9.480263034686e-05, E_spec=4.348521542852e-12, E_num=1.778135307039e-09, E_total=9.493593300250e-05, Q_lower_bound=1.778125813446e+01, spec_status=full_spec_check
[OK] XI_RigorousSingle::H=1.0,T0=-100.0,N=50
  H=1, T0=-100, N=50, L=6 | Q_trunc=3.205972540107e+01, F_floor=2.657572966519e+01, E_tail=1.866148515543e-07, E_quad=1.739023170296e-04, E_spec=5.833555860590e-12, E_num=3.205972540107e-09, E_total=1.740921436873e-04, Q_lower_bound=3.205955130893e+01, spec_status=full_spec_check
[OK] XI_RigorousSingle::H=1.0,T0=-100.0,N=100
  H=1, T0=-100, N=100, L=6 | Q_trunc=3.784213060314e+01, F_floor=3.120896718372e+01, E_tail=2.043937730255e-07, E_quad=2.005164013045e-04, E_spec=6.345146630338e-12, E_num=3.784213060314e-09, E_total=2.007245856358e-04, Q_lower_bound=3.784192987855e+01, spec_status=full_spec_check
[OK] XI_RigorousSingle::H=1.0,T0=-100.0,N=200
  H=1, T0=-100, N=200, L=6 | Q_trunc=3.961209822475e+01, F_floor=3.265014426787e+01, E_tail=2.101938855165e-07, E_quad=2.097261126244e-04, E_spec=6.508571459563e-12, E_num=3.961209822475e-09, E_total=2.099402742283e-04, Q_lower_bound=3.961188828447e+01, spec_status=full_spec_check
[OK] XI_RigorousSingle::H=1.0,T0=-100.0,N=500
  H=1, T0=-100, N=500, L=6 | Q_trunc=4.007046587746e+01, F_floor=3.306024263519e+01, E_tail=2.120257926434e-07, E_quad=2.111312341190e-04, E_spec=6.551204023708e-12, E_num=4.007046587746e-09, E_total=2.113472735094e-04, Q_lower_bound=4.007025453019e+01, spec_status=full_spec_check
[OK] XI_RigorousSingle::H=1.0,T0=-100.0,N=1000
  H=1, T0=-100, N=1000, L=6 | Q_trunc=4.015725703358e+01, F_floor=3.312653751382e+01, E_tail=2.122562555540e-07, E_quad=2.137039994534e-04, E_spec=6.551204023708e-12, E_num=4.015725703358e-09, E_total=2.139202779858e-04, Q_lower_bound=4.015704311330e+01, spec_status=full_spec_check
[OK] XI_RigorousSingle::H=2.0,T0=0.0,N=20
  H=2, T0=0, N=20, L=12 | Q_trunc=5.106208236583e+01, F_floor=3.776650769853e+01, E_tail=3.778533249291e-08, E_quad=1.073849253809e-03, E_spec=9.672618261902e-10, E_num=5.106208236583e-09, E_total=1.073893112611e-03, Q_lower_bound=5.106100847272e+01, spec_status=full_spec_check
[OK] XI_RigorousSingle::H=2.0,T0=0.0,N=50
  H=2, T0=0, N=50, L=12 | Q_trunc=1.376146837753e+02, F_floor=9.968435867990e+01, E_tail=4.189065608125e-08, E_quad=3.332201150200e-03, E_spec=1.030201701724e-09, E_num=1.376146837753e-08, E_total=3.332257832527e-03, Q_lower_bound=1.376113515175e+02, spec_status=full_spec_check
[OK] XI_RigorousSingle::H=2.0,T0=0.0,N=100
  H=2, T0=0, N=100, L=12 | Q_trunc=2.819336099744e+02, F_floor=2.028792502863e+02, E_tail=4.253078379724e-08, E_quad=7.371464310518e-03, E_spec=9.951577339962e-10, E_num=2.819336099744e-08, E_total=7.371536029820e-03, Q_lower_bound=2.819262384383e+02, spec_status=full_spec_check
[OK] XI_RigorousSingle::H=2.0,T0=0.0,N=200
  H=2, T0=0, N=200, L=12 | Q_trunc=5.705824297636e+02, F_floor=4.092681289721e+02, E_tail=4.274018453523e-08, E_quad=1.578686766881e-02, E_spec=1.065359356289e-09, E_num=5.705824297636e-08, E_total=1.578696853259e-02, Q_lower_bound=5.705666427950e+02, spec_status=full_spec_check
[OK] XI_RigorousSingle::H=2.0,T0=0.0,N=500
  H=2, T0=0, N=500, L=12 | Q_trunc=1.436532607099e+03, F_floor=1.028434064973e+03, E_tail=4.285323929124e-08, E_quad=4.185910720120e-02, E_spec=9.933955880115e-10, E_num=1.436532607099e-07, E_total=4.185929470109e-02, Q_lower_bound=1.436490747804e+03, spec_status=full_spec_check
[OK] XI_RigorousSingle::H=2.0,T0=0.0,N=1000
  H=2, T0=0, N=1000, L=12 | Q_trunc=2.879783266439e+03, F_floor=2.060377065062e+03, E_tail=4.289433297337e-08, E_quad=8.618315634427e-02, E_spec=1.124135451391e-09, E_num=2.879783266439e-07, E_total=8.618348834107e-02, Q_lower_bound=2.879697082951e+03, spec_status=full_spec_check
[OK] XI_RigorousSingle::H=2.0,T0=10.0,N=20
  H=2, T0=10, N=20, L=12 | Q_trunc=8.383431641716e+00, F_floor=7.485078603778e+00, E_tail=4.477692669468e-08, E_quad=1.073931808618e-03, E_spec=7.580815974961e-10, E_num=8.383431641716e-10, E_total=1.073978181969e-03, Q_lower_bound=8.382357663534e+00, spec_status=full_spec_check
[OK] XI_RigorousSingle::H=2.0,T0=10.0,N=50
  H=2, T0=10, N=50, L=12 | Q_trunc=8.594268424849e+00, F_floor=7.686819891296e+00, E_tail=5.222157020124e-08, E_quad=3.332602175755e-03, E_spec=1.545107153333e-09, E_num=8.594268424849e-10, E_total=3.332656801860e-03, Q_lower_bound=8.590935768047e+00, spec_status=full_spec_check
[OK] XI_RigorousSingle::H=2.0,T0=10.0,N=100
  H=2, T0=10, N=100, L=12 | Q_trunc=8.627785986782e+00, F_floor=7.746709024642e+00, E_tail=5.336811818337e-08, E_quad=7.372608729929e-03, E_spec=2.092013673405e-09, E_num=8.627785986782e-10, E_total=7.372665052840e-03, Q_lower_bound=8.620413321729e+00, spec_status=full_spec_check
[OK] XI_RigorousSingle::H=2.0,T0=10.0,N=200
  H=2, T0=10, N=200, L=12 | Q_trunc=8.644564635215e+00, F_floor=7.820668454143e+00, E_tail=5.363465395108e-08, E_quad=1.578987133367e-02, E_spec=2.567398738051e-09, E_num=8.644564635215e-10, E_total=1.578992840018e-02, Q_lower_bound=8.628774706815e+00, spec_status=full_spec_check
[OK] XI_RigorousSingle::H=2.0,T0=10.0,N=500
  H=2, T0=10, N=500, L=12 | Q_trunc=8.675689156178e+00, F_floor=8.024649562739e+00, E_tail=5.379354330498e-08, E_quad=4.186893011633e-02, E_spec=5.643158829116e-09, E_num=8.675689156178e-10, E_total=4.186899042060e-02, Q_lower_bound=8.633820165758e+00, spec_status=full_spec_check
[OK] XI_RigorousSingle::H=2.0,T0=10.0,N=1000
  H=2, T0=10, N=1000, L=12 | Q_trunc=8.724588711780e+00, F_floor=8.361797779508e+00, E_tail=5.378683070458e-08, E_quad=8.620605346451e-02, E_spec=1.178440101057e-08, E_num=8.724588711780e-10, E_total=8.620611990820e-02, Q_lower_bound=8.638382591871e+00, spec_status=full_spec_check
[OK] XI_RigorousSingle::H=2.0,T0=50.0,N=20
  H=2, T0=50, N=20, L=12 | Q_trunc=3.494751996007e+00, F_floor=5.080985402450e+00, E_tail=6.542670846070e-08, E_quad=5.121216772158e-04, E_spec=4.234549155768e-09, E_num=3.494751996007e-10, E_total=5.121916879487e-04, Q_lower_bound=3.494239804319e+00, spec_status=full_spec_check
[OK] XI_RigorousSingle::H=2.0,T0=50.0,N=50
  H=2, T0=50, N=50, L=12 | Q_trunc=4.502494237704e+00, F_floor=6.489446941167e+00, E_tail=8.713416430905e-08, E_quad=6.326913016309e-04, E_spec=5.434430683238e-09, E_num=4.502494237704e-10, E_total=6.327843204753e-04, Q_lower_bound=4.501861453383e+00, spec_status=full_spec_check
[OK] XI_RigorousSingle::H=2.0,T0=50.0,N=100
  H=2, T0=50, N=100, L=12 | Q_trunc=4.747520278636e+00, F_floor=6.803296404715e+00, E_tail=9.176183711758e-08, E_quad=6.540360700298e-04, E_spec=5.672069924856e-09, E_num=4.747520278636e-10, E_total=6.541339786888e-04, Q_lower_bound=4.746866144657e+00, spec_status=full_spec_check
[OK] XI_RigorousSingle::H=2.0,T0=50.0,N=200
  H=2, T0=50, N=200, L=12 | Q_trunc=4.808255525303e+00, F_floor=6.887099961275e+00, E_tail=9.300054726069e-08, E_quad=6.595804267497e-04, E_spec=5.738020725232e-09, E_num=4.808255525303e-10, E_total=6.596796461433e-04, Q_lower_bound=4.807595845657e+00, spec_status=full_spec_check
[OK] XI_RigorousSingle::H=2.0,T0=50.0,N=500
  H=2, T0=50, N=500, L=12 | Q_trunc=4.828604077652e+00, F_floor=6.912304534803e+00, E_tail=9.327080088266e-08, E_quad=6.664555277566e-04, E_spec=5.746604969659e-09, E_num=4.828604077652e-10, E_total=6.665550280229e-04, Q_lower_bound=4.827937522624e+00, spec_status=full_spec_check
[OK] XI_RigorousSingle::H=2.0,T0=50.0,N=1000
  H=2, T0=50, N=1000, L=12 | Q_trunc=4.833185721022e+00, F_floor=6.917723387412e+00, E_tail=9.333862305596e-08, E_quad=6.709907467213e-04, E_spec=5.752553100535e-09, E_num=4.833185721022e-10, E_total=6.710903212160e-04, Q_lower_bound=4.832514630701e+00, spec_status=full_spec_check
[OK] XI_RigorousSingle::H=2.0,T0=100.0,N=20
  H=2, T0=100, N=20, L=12 | Q_trunc=7.645951843037e+00, F_floor=7.311468072552e+00, E_tail=5.063520158547e-08, E_quad=6.838303624834e-04, E_spec=5.491722632200e-10, E_num=7.645951843037e-10, E_total=6.838823114524e-04, Q_lower_bound=7.645267960726e+00, spec_status=full_spec_check
[OK] XI_RigorousSingle::H=2.0,T0=100.0,N=50
  H=2, T0=100, N=50, L=12 | Q_trunc=1.200864284268e+01, F_floor=1.117028346167e+01, E_tail=7.951424427204e-08, E_quad=1.124988357432e-03, E_spec=5.729177132707e-10, E_num=1.200864284268e-09, E_total=1.125069645458e-03, Q_lower_bound=1.200751777303e+01, spec_status=full_spec_check
[OK] XI_RigorousSingle::H=2.0,T0=100.0,N=100
  H=2, T0=100, N=100, L=12 | Q_trunc=1.405552875829e+01, F_floor=1.302119811223e+01, E_tail=9.070694533736e-08, E_quad=1.267545908423e-03, E_spec=6.495088911151e-10, E_num=1.405552875829e-09, E_total=1.267638670430e-03, Q_lower_bound=1.405426111962e+01, spec_status=full_spec_check
[OK] XI_RigorousSingle::H=2.0,T0=100.0,N=200
  H=2, T0=100, N=200, L=12 | Q_trunc=1.470018889054e+01, F_floor=1.360947550302e+01, E_tail=9.421173875528e-08, E_quad=1.309381198884e-03, E_spec=6.861355927867e-10, E_num=1.470018889054e-09, E_total=1.309477566777e-03, Q_lower_bound=1.469887941297e+01, spec_status=full_spec_check
[OK] XI_RigorousSingle::H=2.0,T0=100.0,N=500
  H=2, T0=100, N=500, L=12 | Q_trunc=1.489113478624e+01, F_floor=1.378521294006e+01, E_tail=9.527830169650e-08, E_quad=1.318247785908e-03, E_spec=6.937135310636e-10, E_num=1.489113478624e-09, E_total=1.318345247036e-03, Q_lower_bound=1.488981644099e+01, spec_status=full_spec_check
[OK] XI_RigorousSingle::H=2.0,T0=100.0,N=1000
  H=2, T0=100, N=1000, L=12 | Q_trunc=1.491982918017e+01, F_floor=1.381123177950e+01, E_tail=9.543099331134e-08, E_quad=1.318275340849e-03, E_spec=6.897895588054e-10, E_num=1.491982918017e-09, E_total=1.318372953615e-03, Q_lower_bound=1.491851080722e+01, spec_status=full_spec_check
[OK] XI_RigorousSingle::H=2.0,T0=-50.0,N=20
  H=2, T0=-50, N=20, L=12 | Q_trunc=3.494751996007e+00, F_floor=5.080985402450e+00, E_tail=6.542670846070e-08, E_quad=5.121216772158e-04, E_spec=4.234549155768e-09, E_num=3.494751996007e-10, E_total=5.121916879487e-04, Q_lower_bound=3.494239804319e+00, spec_status=full_spec_check
[OK] XI_RigorousSingle::H=2.0,T0=-50.0,N=50
  H=2, T0=-50, N=50, L=12 | Q_trunc=4.502494237704e+00, F_floor=6.489446941167e+00, E_tail=8.713416430905e-08, E_quad=6.326913016309e-04, E_spec=5.434430683238e-09, E_num=4.502494237704e-10, E_total=6.327843204753e-04, Q_lower_bound=4.501861453383e+00, spec_status=full_spec_check
[OK] XI_RigorousSingle::H=2.0,T0=-50.0,N=100
  H=2, T0=-50, N=100, L=12 | Q_trunc=4.747520278636e+00, F_floor=6.803296404715e+00, E_tail=9.176183711758e-08, E_quad=6.540360700298e-04, E_spec=5.672069924856e-09, E_num=4.747520278636e-10, E_total=6.541339786888e-04, Q_lower_bound=4.746866144657e+00, spec_status=full_spec_check
[OK] XI_RigorousSingle::H=2.0,T0=-50.0,N=200
  H=2, T0=-50, N=200, L=12 | Q_trunc=4.808255525303e+00, F_floor=6.887099961275e+00, E_tail=9.300054726069e-08, E_quad=6.595804267497e-04, E_spec=5.738020725232e-09, E_num=4.808255525303e-10, E_total=6.596796461433e-04, Q_lower_bound=4.807595845657e+00, spec_status=full_spec_check
[OK] XI_RigorousSingle::H=2.0,T0=-50.0,N=500
  H=2, T0=-50, N=500, L=12 | Q_trunc=4.828604077652e+00, F_floor=6.912304534803e+00, E_tail=9.327080088266e-08, E_quad=6.664555277566e-04, E_spec=5.746604969659e-09, E_num=4.828604077652e-10, E_total=6.665550280229e-04, Q_lower_bound=4.827937522624e+00, spec_status=full_spec_check
[OK] XI_RigorousSingle::H=2.0,T0=-50.0,N=1000
  H=2, T0=-50, N=1000, L=12 | Q_trunc=4.833185721022e+00, F_floor=6.917723387412e+00, E_tail=9.333862305596e-08, E_quad=6.709907467213e-04, E_spec=5.752553100535e-09, E_num=4.833185721022e-10, E_total=6.710903212160e-04, Q_lower_bound=4.832514630701e+00, spec_status=full_spec_check
[OK] XI_RigorousSingle::H=2.0,T0=-100.0,N=20
  H=2, T0=-100, N=20, L=12 | Q_trunc=7.645951843037e+00, F_floor=7.311468072552e+00, E_tail=5.063520158547e-08, E_quad=6.838303624834e-04, E_spec=5.491722632200e-10, E_num=7.645951843037e-10, E_total=6.838823114524e-04, Q_lower_bound=7.645267960726e+00, spec_status=full_spec_check
[OK] XI_RigorousSingle::H=2.0,T0=-100.0,N=50
  H=2, T0=-100, N=50, L=12 | Q_trunc=1.200864284268e+01, F_floor=1.117028346167e+01, E_tail=7.951424427204e-08, E_quad=1.124988357432e-03, E_spec=5.729177132707e-10, E_num=1.200864284268e-09, E_total=1.125069645458e-03, Q_lower_bound=1.200751777303e+01, spec_status=full_spec_check
[OK] XI_RigorousSingle::H=2.0,T0=-100.0,N=100
  H=2, T0=-100, N=100, L=12 | Q_trunc=1.405552875829e+01, F_floor=1.302119811223e+01, E_tail=9.070694533736e-08, E_quad=1.267545908423e-03, E_spec=6.495088911151e-10, E_num=1.405552875829e-09, E_total=1.267638670430e-03, Q_lower_bound=1.405426111962e+01, spec_status=full_spec_check
[OK] XI_RigorousSingle::H=2.0,T0=-100.0,N=200
  H=2, T0=-100, N=200, L=12 | Q_trunc=1.470018889054e+01, F_floor=1.360947550302e+01, E_tail=9.421173875528e-08, E_quad=1.309381198884e-03, E_spec=6.861355927867e-10, E_num=1.470018889054e-09, E_total=1.309477566777e-03, Q_lower_bound=1.469887941297e+01, spec_status=full_spec_check
[OK] XI_RigorousSingle::H=2.0,T0=-100.0,N=500
  H=2, T0=-100, N=500, L=12 | Q_trunc=1.489113478624e+01, F_floor=1.378521294006e+01, E_tail=9.527830169650e-08, E_quad=1.318247785908e-03, E_spec=6.937135310636e-10, E_num=1.489113478624e-09, E_total=1.318345247036e-03, Q_lower_bound=1.488981644099e+01, spec_status=full_spec_check
[OK] XI_RigorousSingle::H=2.0,T0=-100.0,N=1000
  H=2, T0=-100, N=1000, L=12 | Q_trunc=1.491982918017e+01, F_floor=1.381123177950e+01, E_tail=9.543099331134e-08, E_quad=1.318275340849e-03, E_spec=6.897895588054e-10, E_num=1.491982918017e-09, E_total=1.318372953615e-03, Q_lower_bound=1.491851080722e+01, spec_status=full_spec_check
[OK] XI_RigorousSingle::H=5.0,T0=0.0,N=20
  H=5, T0=0, N=20, L=30 | Q_trunc=1.002652815994e+01, F_floor=7.297266063190e+00, E_tail=2.270390409482e-08, E_quad=2.683178787120e-03, E_spec=1.640181324092e-10, E_num=1.002652815994e-09, E_total=2.683202657695e-03, Q_lower_bound=1.002384495728e+01, spec_status=full_spec_check
[OK] XI_RigorousSingle::H=5.0,T0=0.0,N=50
  H=5, T0=0, N=50, L=30 | Q_trunc=2.578391429097e+01, F_floor=1.799852958853e+01, E_tail=2.979017465535e-08, E_quad=8.323487798958e-03, E_spec=1.915765324156e-10, E_num=2.578391429097e-09, E_total=8.323520359101e-03, Q_lower_bound=2.577559077061e+01, spec_status=full_spec_check
[OK] XI_RigorousSingle::H=5.0,T0=0.0,N=100
  H=5, T0=0, N=100, L=30 | Q_trunc=5.204113571842e+01, F_floor=3.581813059097e+01, E_tail=3.133039068594e-08, E_quad=1.840864444970e-02, E_spec=1.957118911378e-10, E_num=5.204113571842e-09, E_total=1.840868117992e-02, Q_lower_bound=5.202272703724e+01, spec_status=full_spec_check
[OK] XI_RigorousSingle::H=5.0,T0=0.0,N=200
  H=5, T0=0, N=200, L=30 | Q_trunc=1.045546635253e+02, F_floor=7.145465291021e+01, E_tail=3.174549503627e-08, E_quad=3.941464211759e-02, E_spec=1.998898824240e-10, E_num=1.045546635253e-08, E_total=3.941468451844e-02, Q_lower_bound=1.045152488407e+02, spec_status=full_spec_check
[OK] XI_RigorousSingle::H=5.0,T0=0.0,N=500
  H=5, T0=0, N=500, L=30 | Q_trunc=2.620948354335e+02, F_floor=1.783631462843e+02, E_tail=3.186202043507e-08, E_quad=1.044760265233e-01, E_spec=1.989519660128e-10, E_num=2.620948354335e-08, E_total=1.044760847938e-01, Q_lower_bound=2.619903593488e+02, spec_status=full_spec_check
[OK] XI_RigorousSingle::H=5.0,T0=0.0,N=1000
  H=5, T0=0, N=1000, L=30 | Q_trunc=5.246617049468e+02, F_floor=3.565437896640e+02, E_tail=3.188621613201e-08, E_quad=2.150576340439e-01, E_spec=1.972466634470e-10, E_num=5.246617049468e-08, E_total=2.150577185935e-01, Q_lower_bound=5.244466472283e+02, spec_status=full_spec_check
[OK] XI_RigorousSingle::H=5.0,T0=10.0,N=20
  H=5, T0=10, N=20, L=30 | Q_trunc=2.595622766390e+00, F_floor=2.832823143741e+00, E_tail=2.215430161870e-08, E_quad=2.684898320090e-03, E_spec=2.471436388873e-10, E_num=2.595622766390e-10, E_total=2.684920981097e-03, Q_lower_bound=2.592937845409e+00, spec_status=full_spec_check
[OK] XI_RigorousSingle::H=5.0,T0=10.0,N=50
  H=5, T0=10, N=50, L=30 | Q_trunc=2.756658677490e+00, F_floor=3.702313078587e+00, E_tail=3.224475135475e-08, E_quad=8.331839650139e-03, E_spec=2.851083813482e-10, E_num=2.756658677490e-10, E_total=8.331872455665e-03, Q_lower_bound=2.748326805034e+00, spec_status=full_spec_check
[OK] XI_RigorousSingle::H=5.0,T0=10.0,N=100
  H=5, T0=10, N=100, L=30 | Q_trunc=2.928768485489e+00, F_floor=5.047703753899e+00, E_tail=3.502879421154e-08, E_quad=1.843247559510e-02, E_spec=2.920677033558e-10, E_num=2.928768485489e-10, E_total=1.843251120884e-02, Q_lower_bound=2.910335974280e+00, spec_status=full_spec_check
[OK] XI_RigorousSingle::H=5.0,T0=10.0,N=200
  H=5, T0=10, N=200, L=30 | Q_trunc=3.256848593436e+00, F_floor=7.720904552055e+00, E_tail=3.581703801764e-08, E_quad=3.947718168264e-02, E_spec=2.910178764637e-10, E_num=3.256848593436e-10, E_total=3.947721811639e-02, Q_lower_bound=3.217371375319e+00, spec_status=full_spec_check
[OK] XI_RigorousSingle::H=5.0,T0=10.0,N=500
  H=5, T0=10, N=500, L=30 | Q_trunc=4.234800698311e+00, F_floor=1.573364291454e+01, E_tail=3.605927551840e-08, E_quad=1.046805123203e-01, E_spec=2.912070584671e-10, E_num=4.234800698311e-10, E_total=1.046805490943e-01, Q_lower_bound=4.130120149217e+00, spec_status=full_spec_check
[OK] XI_RigorousSingle::H=5.0,T0=10.0,N=1000
  H=5, T0=10, N=1000, L=30 | Q_trunc=5.863735575026e+00, F_floor=2.908713007099e+01, E_tail=3.608807549039e-08, E_quad=2.155342181114e-01, E_spec=2.955315991926e-10, E_num=5.863735575026e-10, E_total=2.155342550814e-01, Q_lower_bound=5.648201319945e+00, spec_status=full_spec_check
[OK] XI_RigorousSingle::H=5.0,T0=50.0,N=20
  H=5, T0=50, N=20, L=30 | Q_trunc=3.113103536096e+00, F_floor=3.663003946959e+00, E_tail=2.683782208622e-08, E_quad=1.451644199927e-03, E_spec=1.609020472415e-09, E_num=3.113103536096e-10, E_total=1.451672958080e-03, Q_lower_bound=3.111651863137e+00, spec_status=full_spec_check
[OK] XI_RigorousSingle::H=5.0,T0=50.0,N=50
  H=5, T0=50, N=50, L=30 | Q_trunc=3.915160726013e+00, F_floor=4.590010762372e+00, E_tail=4.823129140702e-08, E_quad=1.988938235814e-03, E_spec=2.090162265489e-09, E_num=3.915160726013e-10, E_total=1.988988948784e-03, Q_lower_bound=3.913171737064e+00, spec_status=full_spec_check
[OK] XI_RigorousSingle::H=5.0,T0=50.0,N=100
  H=5, T0=50, N=100, L=30 | Q_trunc=4.084477828713e+00, F_floor=4.783126786382e+00, E_tail=9.293513609436e-08, E_quad=2.102279198928e-03, E_spec=2.216580696768e-09, E_num=4.084477828713e-10, E_total=2.102374759092e-03, Q_lower_bound=4.082375453954e+00, spec_status=full_spec_check
[OK] XI_RigorousSingle::H=5.0,T0=50.0,N=200
  H=5, T0=50, N=200, L=30 | Q_trunc=4.129835759097e+00, F_floor=4.834755546614e+00, E_tail=1.833316064100e-07, E_quad=2.134044861368e-03, E_spec=2.249830544088e-09, E_num=4.129835759097e-10, E_total=2.134230855789e-03, Q_lower_bound=4.127701528241e+00, spec_status=full_spec_check
[OK] XI_RigorousSingle::H=5.0,T0=50.0,N=500
  H=5, T0=50, N=500, L=30 | Q_trunc=4.143188238063e+00, F_floor=4.849894903198e+00, E_tail=4.558731114071e-07, E_quad=2.145253178163e-03, E_spec=2.260661879916e-09, E_num=4.143188238063e-10, E_total=2.145711726255e-03, Q_lower_bound=4.141042526337e+00, spec_status=full_spec_check
[OK] XI_RigorousSingle::H=5.0,T0=50.0,N=1000
  H=5, T0=50, N=1000, L=30 | Q_trunc=4.145833888197e+00, F_floor=4.852808479614e+00, E_tail=9.103347950880e-07, E_quad=2.156380609253e-03, E_spec=2.261515419377e-09, E_num=4.145833888197e-10, E_total=2.157293620147e-03, Q_lower_bound=4.143676594577e+00, spec_status=full_spec_check
[OK] XI_RigorousSingle::H=5.0,T0=100.0,N=20
  H=5, T0=100, N=20, L=30 | Q_trunc=2.735340934458e+00, F_floor=2.953815910582e+00, E_tail=3.199510297438e-08, E_quad=1.709632727927e-03, E_spec=2.354778594338e-10, E_num=2.735340934458e-10, E_total=1.709665232042e-03, Q_lower_bound=2.733631269226e+00, spec_status=full_spec_check
[OK] XI_RigorousSingle::H=5.0,T0=100.0,N=50
  H=5, T0=100, N=50, L=30 | Q_trunc=4.089250618748e+00, F_floor=4.292014324348e+00, E_tail=5.107269553483e-08, E_quad=2.812248674044e-03, E_spec=3.078941546164e-10, E_num=4.089250618748e-10, E_total=2.812300463559e-03, Q_lower_bound=4.086438318285e+00, spec_status=full_spec_check
[OK] XI_RigorousSingle::H=5.0,T0=100.0,N=100
  H=5, T0=100, N=100, L=30 | Q_trunc=4.739377795992e+00, F_floor=4.907337665256e+00, E_tail=5.990860811445e-08, E_quad=3.168533894934e-03, E_spec=3.730802333735e-10, E_num=4.739377795992e-10, E_total=3.168594650561e-03, Q_lower_bound=4.736209201342e+00, spec_status=full_spec_check
[OK] XI_RigorousSingle::H=5.0,T0=100.0,N=200
  H=5, T0=100, N=200, L=30 | Q_trunc=4.947284635041e+00, F_floor=5.104058546157e+00, E_tail=6.315122978179e-08, E_quad=3.273149531744e-03, E_spec=3.991162955685e-10, E_num=4.947284635041e-10, E_total=3.273213576818e-03, Q_lower_bound=4.944011421464e+00, spec_status=full_spec_check
[OK] XI_RigorousSingle::H=5.0,T0=100.0,N=500
  H=5, T0=100, N=500, L=30 | Q_trunc=5.009516902764e+00, F_floor=5.162963680715e+00, E_tail=6.417640987701e-08, E_quad=3.295258934628e-03, E_spec=4.074474091453e-10, E_num=5.009516902764e-10, E_total=3.295324019437e-03, Q_lower_bound=5.006221578745e+00, spec_status=full_spec_check
[OK] XI_RigorousSingle::H=5.0,T0=100.0,N=1000
  H=5, T0=100, N=1000, L=30 | Q_trunc=5.018735127703e+00, F_floor=5.171700188069e+00, E_tail=6.434001665722e-08, E_quad=3.295458481539e-03, E_spec=4.085647375973e-10, E_num=5.018735127703e-10, E_total=3.295523731994e-03, Q_lower_bound=5.015439603971e+00, spec_status=full_spec_check
[OK] XI_RigorousSingle::H=5.0,T0=-50.0,N=20
  H=5, T0=-50, N=20, L=30 | Q_trunc=3.113103536096e+00, F_floor=3.663003946959e+00, E_tail=2.683782208622e-08, E_quad=1.451644199927e-03, E_spec=1.609020472415e-09, E_num=3.113103536096e-10, E_total=1.451672958080e-03, Q_lower_bound=3.111651863137e+00, spec_status=full_spec_check
[OK] XI_RigorousSingle::H=5.0,T0=-50.0,N=50
  H=5, T0=-50, N=50, L=30 | Q_trunc=3.915160726013e+00, F_floor=4.590010762372e+00, E_tail=4.823129140702e-08, E_quad=1.988938235814e-03, E_spec=2.090162265489e-09, E_num=3.915160726013e-10, E_total=1.988988948784e-03, Q_lower_bound=3.913171737064e+00, spec_status=full_spec_check
[OK] XI_RigorousSingle::H=5.0,T0=-50.0,N=100
  H=5, T0=-50, N=100, L=30 | Q_trunc=4.084477828713e+00, F_floor=4.783126786382e+00, E_tail=9.293513609436e-08, E_quad=2.102279198928e-03, E_spec=2.216580696768e-09, E_num=4.084477828713e-10, E_total=2.102374759092e-03, Q_lower_bound=4.082375453954e+00, spec_status=full_spec_check
[OK] XI_RigorousSingle::H=5.0,T0=-50.0,N=200
  H=5, T0=-50, N=200, L=30 | Q_trunc=4.129835759097e+00, F_floor=4.834755546614e+00, E_tail=1.833316064100e-07, E_quad=2.134044861368e-03, E_spec=2.249830544088e-09, E_num=4.129835759097e-10, E_total=2.134230855789e-03, Q_lower_bound=4.127701528241e+00, spec_status=full_spec_check
[OK] XI_RigorousSingle::H=5.0,T0=-50.0,N=500
  H=5, T0=-50, N=500, L=30 | Q_trunc=4.143188238063e+00, F_floor=4.849894903198e+00, E_tail=4.558731114071e-07, E_quad=2.145253178163e-03, E_spec=2.260661879916e-09, E_num=4.143188238063e-10, E_total=2.145711726255e-03, Q_lower_bound=4.141042526337e+00, spec_status=full_spec_check
[OK] XI_RigorousSingle::H=5.0,T0=-50.0,N=1000
  H=5, T0=-50, N=1000, L=30 | Q_trunc=4.145833888197e+00, F_floor=4.852808479614e+00, E_tail=9.103347950880e-07, E_quad=2.156380609253e-03, E_spec=2.261515419377e-09, E_num=4.145833888197e-10, E_total=2.157293620147e-03, Q_lower_bound=4.143676594577e+00, spec_status=full_spec_check
[OK] XI_RigorousSingle::H=5.0,T0=-100.0,N=20
  H=5, T0=-100, N=20, L=30 | Q_trunc=2.735340934458e+00, F_floor=2.953815910582e+00, E_tail=3.199510297438e-08, E_quad=1.709632727927e-03, E_spec=2.354778594338e-10, E_num=2.735340934458e-10, E_total=1.709665232042e-03, Q_lower_bound=2.733631269226e+00, spec_status=full_spec_check
[OK] XI_RigorousSingle::H=5.0,T0=-100.0,N=50
  H=5, T0=-100, N=50, L=30 | Q_trunc=4.089250618748e+00, F_floor=4.292014324348e+00, E_tail=5.107269553483e-08, E_quad=2.812248674044e-03, E_spec=3.078941546164e-10, E_num=4.089250618748e-10, E_total=2.812300463559e-03, Q_lower_bound=4.086438318285e+00, spec_status=full_spec_check
[OK] XI_RigorousSingle::H=5.0,T0=-100.0,N=100
  H=5, T0=-100, N=100, L=30 | Q_trunc=4.739377795992e+00, F_floor=4.907337665256e+00, E_tail=5.990860811445e-08, E_quad=3.168533894934e-03, E_spec=3.730802333735e-10, E_num=4.739377795992e-10, E_total=3.168594650561e-03, Q_lower_bound=4.736209201342e+00, spec_status=full_spec_check
[OK] XI_RigorousSingle::H=5.0,T0=-100.0,N=200
  H=5, T0=-100, N=200, L=30 | Q_trunc=4.947284635041e+00, F_floor=5.104058546157e+00, E_tail=6.315122978179e-08, E_quad=3.273149531744e-03, E_spec=3.991162955685e-10, E_num=4.947284635041e-10, E_total=3.273213576818e-03, Q_lower_bound=4.944011421464e+00, spec_status=full_spec_check
[OK] XI_RigorousSingle::H=5.0,T0=-100.0,N=500
  H=5, T0=-100, N=500, L=30 | Q_trunc=5.009516902764e+00, F_floor=5.162963680715e+00, E_tail=6.417640987701e-08, E_quad=3.295258934628e-03, E_spec=4.074474091453e-10, E_num=5.009516902764e-10, E_total=3.295324019437e-03, Q_lower_bound=5.006221578745e+00, spec_status=full_spec_check
[OK] XI_RigorousSingle::H=5.0,T0=-100.0,N=1000
  H=5, T0=-100, N=1000, L=30 | Q_trunc=5.018735127703e+00, F_floor=5.171700188069e+00, E_tail=6.434001665722e-08, E_quad=3.295458481539e-03, E_spec=4.085647375973e-10, E_num=5.018735127703e-10, E_total=3.295523731994e-03, Q_lower_bound=5.015439603971e+00, spec_status=full_spec_check

================================================================================
VOLUME XI — RIGOROUS SUMMARY
================================================================================
Total configurations: 216, Passed: 216, Failed: 0
RIGOROUS STATUS: All grid points certified with Q_lower_bound > 0.